do run
loading script "jan_co2_whiff_120_60_large.py"
loading script "jan_pump_ms.py"
loading script "jan_co2.py"
loading script "jan_pump_extraction_line.py"
testing...
no interpolation path defined
executed snippet estimated_duration=201.56, duration=0.000220060348511
script duration name:co2_whiff_120_60_large seconds:202.0
loading script "jan_co2_whiff_120_60_large.py"
loading script "jan_pump_ms.py"
loading script "jan_co2.py"
loading script "jan_pump_extraction_line.py"
testing...
no interpolation path defined
executed snippet estimated_duration=0, duration=1.81198120117e-05
loading script "jan_co2_whiff_120_60_large.py"
loading script "jan_pump_ms.py"
loading script "jan_co2.py"
loading script "jan_pump_extraction_line.py"
testing...
no interpolation path defined
calculate duration
testing...
no interpolation path defined
executed snippet estimated_duration=0, duration=4.29153442383e-05
calculate duration
testing...
no interpolation path defined
executed snippet estimated_duration=0, duration=8.29696655273e-05
executed snippet estimated_duration=0.0, duration=0.00195503234863
script duration name:co2 seconds:0.0
loading script "jan_co2_whiff_120_60_large.py"
loading script "jan_pump_ms.py"
loading script "jan_co2.py"
loading script "jan_pump_extraction_line.py"
testing...
no interpolation path defined
calculate duration
testing...
no interpolation path defined
executed snippet estimated_duration=4.0, duration=0.000132083892822
executed snippet estimated_duration=4.0, duration=0.00101399421692
Script duration 202.0
Run total estimated duration= 203.000
run duration: 0:03:23
doing event level: 2
12:47:36 -- Setting default integration. t=1.048576
setting integration time = 1.048576
SetIntegrationTime 1.048576 ===>> OK
----------------- start -----------------
**************** Experiment Type: Ar/Ar, Ar/Ar
create new session 4951698128
close session 4951698128
$$$$$ Clearing conditionals
adding conditionals kevin
extract conditionals from file. /Users/jan/PychronDev/scripts/conditionals/kevin.yaml
no attr for this modification cd={'extraction_str': '', 'attr': '', 'mapper': '', 'use_termination': False, 'start_count': 0, 'nskip': 0, 'window': 0, 'frequency': 1, 'teststr': '', 'action': 'Skip Next Run', 'ntrips': 1, 'use_truncation': False}
no attr for this cancelation cd={'mapper': '', 'window': 0, 'frequency': 1, 'attr': '', 'teststr': '', 'start_count': 0, 'ntrips': 1}
adding truncation attr="Ar40" test="Ar40>5000.0" start="5"
adding truncation attr="age" test="age>100.0" start="40"
adding truncation attr="Ar39" test="Ar39.bs_corrected<0.3" start="30"
adding truncation attr="Ar40" test="Ar40.bs_corrected>2000.0" start="20"
no attr for this termination cd={'mapper': '', 'window': 0, 'frequency': 1, 'attr': '', 'teststr': '', 'start_count': 0, 'ntrips': 1}
Invalid conditional kind="pre_run_terminations"
no attr for this action cd={'mapper': '', 'attr': '', 'start_count': 0, 'window': 0, 'frequency': 1, 'teststr': '', 'action': None, 'ntrips': 1}
Invalid conditional kind="post_run_terminations"
Add queue conditionals
add default conditionals
adding default conditionals from /Users/jan/PychronDev/setupfiles/spectrometer/default_conditionals.yaml
Start automated run 65740-102
loading script "jan_co2_whiff_120_60_large.py"
loading script "jan_pump_ms.py"
loading script "jan_co2.py"
loading script "jan_pump_extraction_line.py"
%%%%%%%%%%%%%%%%%% setting automated run 65740-102
No value "sensitivity_multiplier" in metadata
$$$$$$$$$$$$$$$ auto_save_detector_ic=False
============================= Pre Extraction Check =============================
loading queue conditionals pre_run_terminations
loading system conditionals pre_run_terminations
loading conditionals from /Users/jan/PychronDev/setupfiles/spectrometer/default_conditionals.yaml
12:47:36 -- ******* Pre Extraction Check *******
Get a measurement from the spectrometer
Pre Extraction Termination data. keys=H2,H1,AX,L1,L2,CDD, signals=-0.04181,0.13161,0.07642,-0.00141,0.04576,0.00163
12:47:36 -- testing system defined conditionals
Checking default pre extraction terminations n=2
testing CDD
evaluate ot="CDD.inactive" t="CDD", ctx="{'CDD': False}"
GetDeflection CDD ===>> 50
testing CDD==2000
evaluate ot="CDD.deflection==2000" t="CDD==2000", ctx="{'CDD': 50.0}"
12:47:36 -- ******* Pre Extraction Check Passed *******
=================================================================================
12:47:36 -- stopping status monitor
stop 4939826576
Status monitor stopped
Status monitor finished
12:47:38 -- starting status monitor
start 4939826576
StatusMonitor period=1. Frequencies(state=2, checksum=3, lock=5, owner=5)
start extraction
do extraction
Analysis started at 12:47:39.649718
Extraction Started jan_co2.py
12:47:39 -- ******* Extraction Started jan_co2.py *******
state changed from not run to extraction
DO EXTRACTION <pychron.extraction_line.pyscript_runner.RemotePyScriptRunner object at 0x129523dd0>
testing...
no interpolation path defined
calculate duration
testing...
no interpolation path defined
executed snippet estimated_duration=0, duration=4.50611114502e-05
calculate duration
testing...
no interpolation path defined
executed snippet estimated_duration=0, duration=8.89301300049e-05
executed snippet estimated_duration=100.0, duration=0.00214910507202
Jan CO2 laser analysis
doing GOSUB
testing...
no interpolation path defined
executed snippet estimated_duration=0, duration=3.69548797607e-05
Waiting for CO2 access
wait ('FelixCO2Flag', 0) {}
waiting for FelixCO2Flag = 0
Read FelixCO2Flag ===>> 0
finished waiting
CO2 free
wait ('CO2PumpTimeFlag', 0) {}
waiting for CO2PumpTimeFlag = 0
Read CO2PumpTimeFlag ===>> 0
finished waiting
acquire ('JanCO2Flag',) {'clear': True}
acquire JanCO2Flag
Set JanCO2Flag 1 ===>> OK
JanCO2Flag acquired
set extraction state False (0.75, 'red', 1.5)
CO2 acquired
executed snippet estimated_duration=0, duration=0.0185770988464
WaitForCO2Access.py completed successfully
gosub finished
doing GOSUB
testing...
no interpolation path defined
executed snippet estimated_duration=0, duration=0.00011682510376
Prepare for CO2 analysis
close () {'description': 'Jan Inlet'}
close name=--- desc=Jan Inlet
checking ownership. requestor=129.138.12.150
check software interlocks R
interlocks []
actuate state mode=None-script, software_lock=False
doing actuation None-script close_channel False
Close R ===>> OK
GetIndicatorState R ===>> False
change switch state (True, True)
12:47:40 -- CLOSE  VALVE-R (Jan Inlet)
-------------------------- close None (Jan Inlet) result=[(True, True)]
action=close, ok=True, locked=[False]
open () {'description': 'Jan Ion Pump'}
open name=--- desc=Jan Ion Pump
checking ownership. requestor=129.138.12.150
check software interlocks O
interlocks []
actuate state mode=None-script, software_lock=False
doing actuation None-script open_channel False
Open O ===>> OK
GetIndicatorState O ===>> OK
change switch state (True, True)
12:47:40 -- OPEN   VALVE-O (Jan Ion Pump)
-------------------------- open None (Jan Ion Pump) result=[(True, True)]
action=open, ok=True, locked=[False]
close () {'description': 'Microbone to Minibone'}
close name=--- desc=Microbone to Minibone
checking ownership. requestor=129.138.12.150
check software interlocks L
interlocks []
actuate state mode=None-script, software_lock=False
doing actuation None-script close_channel False
Close L ===>> OK
GetIndicatorState L ===>> False
change switch state (True, True)
12:47:41 -- CLOSE  VALVE-L (Microbone to Minibone)
-------------------------- close None (Microbone to Minibone) result=[(True, True)]
action=close, ok=True, locked=[False]
open () {'description': 'Microbone to Turbo'}
open name=--- desc=Microbone to Turbo
checking ownership. requestor=129.138.12.150
check software interlocks U
interlocks []
actuate state mode=None-script, software_lock=False
doing actuation None-script open_channel False
Open U ===>> OK
GetIndicatorState U ===>> OK
change switch state (True, True)
12:47:41 -- OPEN   VALVE-U (Microbone to Turbo)
-------------------------- open None (Microbone to Turbo) result=[(True, True)]
action=open, ok=True, locked=[False]
open () {'description': 'Microbone to Inlet Pipette'}
open name=--- desc=Microbone to Inlet Pipette
checking ownership. requestor=129.138.12.150
check software interlocks S
interlocks []
actuate state mode=None-script, software_lock=False
doing actuation None-script open_channel False
Open S ===>> OK
GetIndicatorState S ===>> OK
change switch state (True, True)
12:47:42 -- OPEN   VALVE-S (Microbone to Inlet Pipette)
-------------------------- open None (Microbone to Inlet Pipette) result=[(True, True)]
action=open, ok=True, locked=[False]
open () {'description': 'Microbone to Getter D-50'}
open name=--- desc=Microbone to Getter D-50
checking ownership. requestor=129.138.12.150
check software interlocks K
interlocks []
actuate state mode=None-script, software_lock=False
doing actuation None-script open_channel False
Open K ===>> OK
GetIndicatorState K ===>> OK
change switch state (True, True)
12:47:42 -- OPEN   VALVE-K (Microbone to Getter D-50)
-------------------------- open None (Microbone to Getter D-50) result=[(True, True)]
action=open, ok=True, locked=[False]
open () {'description': 'Microbone to Getter NP-10'}
open name=--- desc=Microbone to Getter NP-10
checking ownership. requestor=129.138.12.150
check software interlocks M
interlocks []
actuate state mode=None-script, software_lock=False
doing actuation None-script open_channel False
Open M ===>> OK
GetIndicatorState M ===>> OK
change switch state (True, True)
12:47:43 -- OPEN   VALVE-M (Microbone to Getter NP-10)
-------------------------- open None (Microbone to Getter NP-10) result=[(True, True)]
action=open, ok=True, locked=[False]
close () {'description': 'CO2 Laser to Felix'}
close name=--- desc=CO2 Laser to Felix
checking ownership. requestor=129.138.12.150
check software interlocks F
interlocks []
actuate state mode=None-script, software_lock=True
VALVE-F(CO2 Laser to Felix) software locked
change switch state (True, False)
-------------------------- close None (CO2 Laser to Felix) result=[(True, False)]
action=close, ok=True, locked=[True]
open () {'description': 'CO2 Laser to Jan'}
open name=--- desc=CO2 Laser to Jan
checking ownership. requestor=129.138.12.150
check software interlocks A
interlocks []
actuate state mode=None-script, software_lock=False
doing actuation None-script open_channel False
Open A ===>> OK
GetIndicatorState A ===>> OK
change switch state (True, True)
12:47:43 -- OPEN   VALVE-A (CO2 Laser to Jan)
-------------------------- open None (CO2 Laser to Jan) result=[(True, True)]
action=open, ok=True, locked=[False]
open () {'description': 'Microbone to CO2 Laser'}
open name=--- desc=Microbone to CO2 Laser
checking ownership. requestor=129.138.12.150
check software interlocks T
interlocks []
actuate state mode=None-script, software_lock=False
doing actuation None-script open_channel False
Open T ===>> OK
GetIndicatorState T ===>> OK
change switch state (True, True)
12:47:44 -- OPEN   VALVE-T (Microbone to CO2 Laser)
-------------------------- open None (Microbone to CO2 Laser) result=[(True, True)]
action=open, ok=True, locked=[False]
executed snippet estimated_duration=0, duration=5.029296875
PrepareForCO2Analysis.py completed successfully
gosub finished
set_motor ('beam', '0.75') {}
setting motor "beam" to 0.75
set motor beam to 0.75
SetMotor beam,0.75 ===>> OK
GetMotorMoving beam ===>> False
GetMotorMoving beam ===>> False
Block completed
move_to_position ('22',) {'autocenter': True}
FusionsCO2 move to position 22
sending GoToHole 22,True
GoToHole 22,True ===>> OK
GetDriveMoving ===>> OK
GetDriveMoving ===>> OK
GetDriveMoving ===>> OK
GetDriveMoving ===>> OK
GetDriveMoving ===>> OK
GetDriveMoving ===>> OK
GetDriveMoving ===>> False
GetDriveMoving ===>> False
Block completed
GetAutoCorrecting ===>> OK
GetAutoCorrecting ===>> OK
GetAutoCorrecting ===>> False
GetAutoCorrecting ===>> False
Block completed
update position
GetPosition ===>> 3.98780,11.96340,5.00000
got position (3.9878, 11.9634, 5.0)
move to position succeeded
sleep (5,) {}
SLEEP 5.0
block started
WaitControl setup for 5.0  
Join finished
block finished. duration 5.03872704506
close () {'description': 'Microbone to Turbo'}
close name=--- desc=Microbone to Turbo
checking ownership. requestor=129.138.12.150
check software interlocks U
interlocks []
actuate state mode=None-script, software_lock=False
doing actuation None-script close_channel True
Close U ===>> OK
GetIndicatorState U ===>> False
change switch state (True, True)
12:47:55 -- CLOSE  VALVE-U (Microbone to Turbo)
-------------------------- close None (Microbone to Turbo) result=[(True, True)]
action=close, ok=True, locked=[False]
enable laser
enable () {}
set extraction state FusionsCO2 Enabled (False, 'red', 1.5)
enabling laser
Enable ===>> OK
begin interval
BEGIN INTERVAL Interval 1 waiting for 30.0
block started
set extract to 7.0
WaitControl setup for 30.0  
extract (7.0,) {}
GetPosition ===>> 3.98780,11.96340,5.00000
set extraction state FusionsCO2 ON! 7.0(watts) (0.75, 'red', 1.5)
extract sample to 7.0 (watts)
set laser output
SetLaserOutput 7.0,watts ===>> OK
executing pattern triangle.lp
execute_pattern ('triangle.lp',) {}
executing pattern triangle.lp
IsPatterning ===>> OK
IsPatterning ===>> OK
IsPatterning ===>> OK
IsPatterning ===>> OK
IsPatterning ===>> OK
IsPatterning ===>> OK
IsPatterning ===>> OK
IsPatterning ===>> OK
IsPatterning ===>> OK
IsPatterning ===>> OK
IsPatterning ===>> OK
IsPatterning ===>> OK
IsPatterning ===>> OK
IsPatterning ===>> OK
IsPatterning ===>> OK
IsPatterning ===>> OK
IsPatterning ===>> OK
IsPatterning ===>> OK
IsPatterning ===>> OK
IsPatterning ===>> OK
IsPatterning ===>> OK
IsPatterning ===>> OK
IsPatterning ===>> OK
IsPatterning ===>> OK
IsPatterning ===>> OK
IsPatterning ===>> OK
IsPatterning ===>> OK
IsPatterning ===>> False
Join finished
block finished. duration 30.0536811352
Interval 1 finished
IsPatterning ===>> False
Block completed
COMPLETE INTERVAL waiting for Interval 1 to complete
end_extract () {}
ending extraction. set laser power to 0
set laser power 0
SetLaserPower 0 ===>> OK
disable () {}
%%%%%%%%%%%%%%%%%%%%%%%%%%%%%%%%%%% disable
set extraction state False (0.75, 'red', 1.5)
disabling laser
Disable ===>> OK
sleep (30.0,) {}
SLEEP 30.0
block started
WaitControl setup for 30.0  
Join finished
block finished. duration 30.029613018
executed snippet estimated_duration=165.0, duration=76.8564798832
jan_co2.py completed successfully
GetAchievedOutput ===>> No Response
Requested Output= 0.000
Achieved Output=  0.000
GetResponseBlob ===>> No Response
GetOutputBlob ===>> No Response
persistence save...
persistence save - db
AutomatedRunPersister post_extraction_save deprecated
persistence save - dvc
no extraction position for 22
not connected to db mysql://janexp@129.138.12.160/labspy
Enviromentals: {'lab_humiditys': [{'device': 'EnvironmentalMonitor',
                    'name': 'Lab Hum.',
                    'pub_date': '2017-09-18T12:45:47',
                    'title': 'iServer Hum.',
                    'value': 33.7}],
 'lab_pneumatics': [{'device': 'AirPressure',
                     'name': 'Pressure',
                     'pub_date': '2017-09-18T12:48:49',
                     'title': None,
                     'value': 92.1},
                    {'device': 'AirPressure2',
                     'name': 'Pressure2',
                     'pub_date': '2017-09-18T12:48:49',
                     'title': None,
                     'value': 93.1879}],
 'lab_temperatures': [{'device': 'Coldfinger',
                       'name': 'ColdFinger Temp.',
                       'pub_date': '2017-09-17T13:20:43',
                       'title': None,
                       'value': -194.0},
                      {'device': 'EnvironmentalMonitor',
                       'name': 'Lab Temp.',
                       'pub_date': '2017-09-18T12:13:10',
                       'title': 'iServer Temp.',
                       'value': 72.6},
                      {'device': 'Chiller',
                       'name': 'Coolant Temp.',
                       'pub_date': '2017-09-18T12:25:27',
                       'title': None,
                       'value': 18.0}]}
Extraction Finished
12:48:59 -- ******* Extraction Finished *******
no overlap. not waiting for min ms pumptime
12:48:59 -- Sending spectrometer configuration
======== Sending configuration ========
SetDeflection CDD,50.0 ===>> OK
SetDeflection H2,0.0 ===>> OK
SetDeflection H1,0.0 ===>> OK
SetDeflection L2,825.0 ===>> OK
SetDeflection L1,400.0 ===>> OK
SetDeflection AX,190.0 ===>> OK
SetZFocus 74.64 ===>> OK
SetZSymmetry -50.72 ===>> OK
SetExtractionLens 26.13 ===>> OK
SetIonRepeller -3.81 ===>> OK
SetElectronEnergy 75.08 ===>> OK
SetYSymmetry -2.81 ===>> OK
SetIonCounterVoltage 1590.0 ===>> OK
send trap current 200.0
GetParameter Trap Current Readback ===>> 198.258926936459
SetParameter Trap Current Set,200.0 ===>> OK
updating mftable name mftable
Using mftable located at /Users/jan/PychronDev/setupfiles/spectrometer/mftables/mftable.csv
============ MFtable ===========
Isotope  H2     H1     AX     L1     L2     CDD    
Ar40     6.0549 5.8784 5.9922 6.1934 6.2297 6.6787
Ar39     6.0098 5.7694 6.0563 6.3365 6.1124 6.5652
Ar36     5.6873 5.4384 5.7197 5.9954 5.7674 6.2163
================================
get initial guess parabolic
get initial guess parabolic
get initial guess parabolic
get initial guess parabolic
get initial guess parabolic
get initial guess parabolic
======== Configuration Finished ========
GetYSymmetry ===>> -2.81
GetZSymmetry ===>> -50.72
GetParameter Trap Current Readback ===>> 197.811389855338
GetHighVoltage ===>> 4499.94659342336
start measurement
do measurement
L#=65740 analysis type=unknown
Measurement Started jan_co2_whiff_120_60_large.py
12:48:59 -- ******* Measurement Started jan_co2_whiff_120_60_large.py *******
state changed from extraction to measurement
setting trap, emission, spec, defl, and gains
GetExtractionLens ===>> 26.13
GetYSymmetry ===>> -2.81
GetZSymmetry ===>> -50.72
GetZFocus ===>> 74.64
GetDeflection H2 ===>> 0
GetDeflection H1 ===>> 0
GetDeflection AX ===>> 190
GetDeflection L1 ===>> 400
GetDeflection L2 ===>> 825
GetDeflection CDD ===>> 50
GetGain H2 ===>> 0.0113
GetGain H1 ===>> 0.1
GetGain AX ===>> 0.09645
GetGain L1 ===>> 0.010309
GetGain L2 ===>> 0.091218
GetGain CDD ===>> 0
GetParameter Trap Current Readback ===>> 197.923274125618
GetParameter Source Current Readback ===>> 550.955075383019
pre measurement save
New frame /Users/jan/PychronDev/data/isotopes/4a/842873-7fe2-48ed-89a1-c003c2dc7274.h5
flush and close file /Users/jan/PychronDev/data/isotopes/4a/842873-7fe2-48ed-89a1-c003c2dc7274.h5
testing...
no interpolation path defined
executed snippet estimated_duration=201.56, duration=0.000200033187866
co2 whiff measurement script
activate_detectors ('H2', 'H1', 'AX', 'L1', 'L2', 'CDD') {}
activate detectors
*************** Set Analysis View Ar/Ar
create graphs
clearing graphs
clear isotope group
setting isotope det=H2, iso=Ar41
setting isotope det=H1, iso=Ar40
setting isotope det=AX, iso=Ar39
setting isotope det=L1, iso=Ar38
setting isotope det=L2, iso=Ar37
setting isotope det=CDD, iso=Ar36
setting previous blanks
 - setting Ar41 blank 0.015+/-0.004
 - setting Ar40 blank 0.660+/-0.009
 - setting Ar36 blank 0.00442+/-0.00018
 - setting Ar37 blank 0.034+/-0.005
 - setting Ar38 blank 0.0056+/-0.0024
 - setting Ar39 blank 0.027+/-0.009
load analysis view
position_magnet ('Ar40',) {'detector': 'H1'}
detector Detector(H1)
POSITION Ar40 H1
molweights={'Ar41': 41.0, 'Ar40': 39.9624, 'Ar42': 42.0, 'Ar35': 35.0, 'Ar36': 35.9675, 'Ar37': 36.9668, 'Ar38': 37.9627, 'Ar39': 38.964}
setting detector H2 to Ar41 (40.9624)
setting detector H1 to Ar40 (39.9624)
setting detector AX to Ar39 (38.9624)
setting detector L1 to Ar38 (37.9624)
setting detector L2 to Ar37 (36.9624)
setting detector CDD to Ar36 (35.9624)
Mapping mass to dac mass func: "parabolic"
H1 map mass coeffs = [ -3.11428344e-04   1.33794662e-01   1.02903323e+00]
H1 map mass to dac 39.9624 >> 5.87844
GetDeflection H1 ===>> 0
GetHighVoltage ===>> 4499.94659342336
positioning Ar40 (5.87840538242) on H1
setting magnet DAC
current  : 5.878405
requested: 5.878405
Delta Dac: 0.000000
Checking detector protection. dv=0.00000
Checking detector "CDD". Protection Threshold: 0.5 (V)
SetMagnetDAC 5.87840538242 ===>> OK
set_dac. change=False
close ('S',) {}
close name=S desc=---
checking ownership. requestor=129.138.12.150
check software interlocks S
interlocks []
actuate state mode=None-script, software_lock=False
doing actuation None-script close_channel True
Close S ===>> OK
set states for children of S. state=False
GetIndicatorState S ===>> False
change switch state (True, True)
12:49:00 -- CLOSE  VALVE-S (Microbone to Inlet Pipette)
-------------------------- close S () result=[(True, True)]
refresh_canvas_needed fired
update labels <pychron.experiment.plot_panel.PlotPanel object at 0x148bd8bf0>
update labels "<pychron.graph.stacked_regression_graph.StackedRegressionGraph object at 0x141f19710>"
setting label 0 H2 Ar41
setting label 1 H1 Ar40
setting label 2 AX Ar39
setting label 3 L1 Ar38
setting label 4 L2 Ar37
setting label 5 CDD Ar36
update labels "<pychron.graph.stacked_graph.StackedGraph object at 0x1481e68f0>"
setting label 0 H2 Ar41
setting label 1 H1 Ar40
setting label 2 AX Ar39
setting label 3 L1 Ar38
setting label 4 L2 Ar37
setting label 5 CDD Ar36
action=close, ok=True, locked=[False]
equilibrate () {'do_post_equilibration': False, 'inlet': 'R', 'outlet': 'O', 'eqtime': 4}
Equilibration Started
12:49:00 -- ******* Equilibration Started *******
checking ownership. requestor=129.138.12.150
check software interlocks O
interlocks []
actuate state mode=None-script, software_lock=False
doing actuation None-script close_channel True
Close O ===>> OK
GetIndicatorState O ===>> False
change switch state (True, True)
12:49:00 -- CLOSE  VALVE-O (Jan Ion Pump)
waiting 3s before opening inlet value ('R',)
checking ownership. requestor=129.138.12.150
check software interlocks R
interlocks []
actuate state mode=None-script, software_lock=False
doing actuation None-script open_channel True
Open R ===>> OK
set states for children of R. state=True
refresh_canvas_needed fired
GetIndicatorState R ===>> OK
change switch state (True, True)
12:49:04 -- OPEN   VALVE-R (Jan Inlet)
equilibrating for 4sec
set_time_zero (0,) {}
sniff (4,) {}
py_sniff
build tables- sniff [Detector(H2), Detector(H1), Detector(AX), Detector(L1), Detector(L2), Detector(CDD)]
add group /sniff/Ar41 (Group) '' table H2
add group /sniff/Ar40 (Group) '' table H1
add group /sniff/Ar39 (Group) '' table AX
add group /sniff/Ar38 (Group) '' table L1
add group /sniff/Ar37 (Group) '' table L2
add group /sniff/Ar36 (Group) '' table CDD
flush and close file /Users/jan/PychronDev/data/isotopes/4a/842873-7fe2-48ed-89a1-c003c2dc7274.h5
measuring sniff. ncounts=4
"sniff" increment series count="1" fit count="0" regressing="False"
starting measurement
Equilibration Finished
12:49:08 -- ******* Equilibration Finished *******
checking ownership. requestor=129.138.12.150
check software interlocks R
interlocks []
actuate state mode=None-script, software_lock=False
doing actuation None-script close_channel True
Close R ===>> OK
GetIndicatorState R ===>> False
change switch state (True, True)
12:49:09 -- CLOSE  VALVE-R (Jan Inlet)
waiting for write to finish
measurement finished
estimated time: 4.194 actual time: :4.298
flush and close file /Users/jan/PychronDev/data/isotopes/4a/842873-7fe2-48ed-89a1-c003c2dc7274.h5
set_fits () {}
using default fits file=/Users/jan/PychronDev/scripts/measurement/fits/nominal_linear.yaml
set "Ar41" to "('Average', 'SEM')"
set "Ar40" to "('Linear', 'SEM')"
set "Ar36" to "('Linear', 'SEM')"
set "Ar37" to "('linear', 'SEM')"
set "Ar38" to "('linear', 'SEM')"
set "Ar39" to "('Linear', 'SEM')"
set_baseline_fits () {}
using default fits file=/Users/jan/PychronDev/scripts/measurement/fits/nominal_linear.yaml
set "H2" to "('average', 'SEM')"
set "H1" to "('average', 'SEM')"
set "CDD" to "('average', 'SEM')"
set "L2" to "('average', 'SEM')"
set "L1" to "('average', 'SEM')"
set "AX" to "('average', 'SEM')"
whiff () {'ncounts': 1, 'conditionals': [{'action': 'run_remainder', 'attr': 'Ar40', 'teststr': 'Ar40.cur<=175'}, {'action': 'run_pipette', 'attr': 'Ar40', 'teststr': 'Ar40.cur>500'}, {'action': 'run_chamber_split', 'attr': 'Ar40', 'teststr': 'Ar40.cur>=300'}, {'action': 'pump', 'attr': 'Ar40', 'teststr': 'Ar40.cur>175'}]}
build tables- whiff [Detector(H2), Detector(H1), Detector(AX), Detector(L1), Detector(L2), Detector(CDD)]
add group /whiff/Ar41 (Group) '' table H2
add group /whiff/Ar40 (Group) '' table H1
add group /whiff/Ar39 (Group) '' table AX
add group /whiff/Ar38 (Group) '' table L1
add group /whiff/Ar37 (Group) '' table L2
add group /whiff/Ar36 (Group) '' table CDD
flush and close file /Users/jan/PychronDev/data/isotopes/4a/842873-7fe2-48ed-89a1-c003c2dc7274.h5
measuring whiff. ncounts=1
"whiff" increment series count="2" fit count="1" regressing="True"
starting measurement
testing Ar40<=175
evaluate ot="Ar40.cur<=175" t="Ar40<=175", ctx="{'Ar40': 114.31260767863201}"
condition Ar40<=175 is true trips=1/1
12:49:10 -- Conditional tripped: Ar40.cur<=175 condition Ar40<=175 is True
waiting for write to finish
measurement finished
estimated time: 1.049 actual time: :1.132
flush and close file /Users/jan/PychronDev/data/isotopes/4a/842873-7fe2-48ed-89a1-c003c2dc7274.h5
WHIFF Result=run_remainder
Whiff result=run_remainder
open ('R',) {}
open name=R desc=---
checking ownership. requestor=129.138.12.150
check software interlocks R
interlocks []
actuate state mode=None-script, software_lock=False
doing actuation None-script open_channel True
Open R ===>> OK
GetIndicatorState R ===>> OK
change switch state (True, True)
12:49:11 -- OPEN   VALVE-R (Jan Inlet)
-------------------------- open R () result=[(True, True)]
action=open, ok=True, locked=[False]
open ('S',) {}
open name=S desc=---
checking ownership. requestor=129.138.12.150
check software interlocks S
interlocks []
actuate state mode=None-script, software_lock=False
doing actuation None-script open_channel True
Open S ===>> OK
GetIndicatorState S ===>> OK
change switch state (True, True)
12:49:12 -- OPEN   VALVE-S (Microbone to Inlet Pipette)
-------------------------- open S () result=[(True, True)]
action=open, ok=True, locked=[False]
sleep (12.0,) {}
SLEEP 12.0
block started
WaitControl setup for 12.0  
Join finished
block finished. duration 12.026638031
close ('R',) {}
close name=R desc=---
checking ownership. requestor=129.138.12.150
check software interlocks R
interlocks []
actuate state mode=None-script, software_lock=False
doing actuation None-script close_channel True
Close R ===>> OK
GetIndicatorState R ===>> False
change switch state (True, True)
12:49:24 -- CLOSE  VALVE-R (Jan Inlet)
-------------------------- close R () result=[(True, True)]
action=close, ok=True, locked=[False]
post_equilibration () {}
multicollect () {'integration_time': 1, 'ncounts': 120.0}
Post Equilibration Started jan_pump_extraction_line.py
build tables- signal [Detector(H2), Detector(H1), Detector(AX), Detector(L1), Detector(L2), Detector(CDD)]
12:49:25 -- ******* Post Equilibration Started jan_pump_extraction_line.py *******
add group /signal/Ar41 (Group) '' table H2
add group /signal/Ar40 (Group) '' table H1
add group /signal/Ar39 (Group) '' table AX
testing...
add group /signal/Ar38 (Group) '' table L1
no interpolation path defined
add group /signal/Ar37 (Group) '' table L2
calculate duration
add group /signal/Ar36 (Group) '' table CDD
testing...
flush and close file /Users/jan/PychronDev/data/isotopes/4a/842873-7fe2-48ed-89a1-c003c2dc7274.h5
no interpolation path defined
measuring signal. ncounts=120.0
executed snippet estimated_duration=4.0, duration=0.000988006591797
executed snippet estimated_duration=4.0, duration=0.0209119319916
Pump after analysis
doing GOSUB
testing...
no interpolation path defined
executed snippet estimated_duration=4.0, duration=0.000133037567139
Pump Microbone
close () {'description': 'Jan Inlet'}
close name=--- desc=Jan Inlet
checking ownership. requestor=129.138.12.150
check software interlocks R
interlocks []
actuate state mode=None-script, software_lock=False
doing actuation None-script close_channel False
"signal" increment series count="2" fit count="1" regressing="True"
Close R ===>> OK
GetIndicatorState R ===>> False
change switch state (True, True)
12:49:25 -- CLOSE  VALVE-R (Jan Inlet)
-------------------------- close None (Jan Inlet) result=[(True, True)]
starting measurement
action=close, ok=True, locked=[False]
is_closed ('F',) {}
is F () closed?
is closed True
open () {'description': 'CO2 Laser to Jan'}
open name=--- desc=CO2 Laser to Jan
checking ownership. requestor=129.138.12.150
check software interlocks A
interlocks []
actuate state mode=None-script, software_lock=False
doing actuation None-script open_channel False
Open A ===>> OK
GetIndicatorState A ===>> OK
change switch state (True, True)
12:49:26 -- OPEN   VALVE-A (CO2 Laser to Jan)
-------------------------- open None (CO2 Laser to Jan) result=[(True, True)]
action=open, ok=True, locked=[False]
sleep (1,) {}
SLEEP 1.0
close () {'description': 'CO2 Laser to Roughing'}
close name=--- desc=CO2 Laser to Roughing
checking ownership. requestor=129.138.12.150
check software interlocks G
interlocks []
actuate state mode=None-script, software_lock=True
VALVE-G(CO2 Laser to Roughing) software locked
change switch state (True, False)
-------------------------- close None (CO2 Laser to Roughing) result=[(True, False)]
action=close, ok=True, locked=[True]
open () {'description': 'Microbone to Turbo'}
open name=--- desc=Microbone to Turbo
checking ownership. requestor=129.138.12.150
check software interlocks U
interlocks []
actuate state mode=None-script, software_lock=False
doing actuation None-script open_channel True
Open U ===>> OK
set states for children of U. state=True
refresh_canvas_needed fired
GetIndicatorState U ===>> OK
change switch state (True, True)
12:49:27 -- OPEN   VALVE-U (Microbone to Turbo)
-------------------------- open None (Microbone to Turbo) result=[(True, True)]
action=open, ok=True, locked=[False]
open () {'description': 'Microbone to Getter NP-10'}
open name=--- desc=Microbone to Getter NP-10
checking ownership. requestor=129.138.12.150
check software interlocks M
interlocks []
actuate state mode=None-script, software_lock=False
doing actuation None-script open_channel False
Open M ===>> OK
GetIndicatorState M ===>> OK
change switch state (True, True)
12:49:27 -- OPEN   VALVE-M (Microbone to Getter NP-10)
-------------------------- open None (Microbone to Getter NP-10) result=[(True, True)]
action=open, ok=True, locked=[False]
open () {'description': 'Microbone to Getter D-50'}
open name=--- desc=Microbone to Getter D-50
checking ownership. requestor=129.138.12.150
check software interlocks K
interlocks []
actuate state mode=None-script, software_lock=False
doing actuation None-script open_channel False
Open K ===>> OK
GetIndicatorState K ===>> OK
change switch state (True, True)
12:49:28 -- OPEN   VALVE-K (Microbone to Getter D-50)
-------------------------- open None (Microbone to Getter D-50) result=[(True, True)]
action=open, ok=True, locked=[False]
open () {'description': 'Microbone to CO2 Laser'}
open name=--- desc=Microbone to CO2 Laser
checking ownership. requestor=129.138.12.150
check software interlocks T
interlocks []
actuate state mode=None-script, software_lock=False
doing actuation None-script open_channel False
Open T ===>> OK
GetIndicatorState T ===>> OK
change switch state (True, True)
12:49:29 -- OPEN   VALVE-T (Microbone to CO2 Laser)
-------------------------- open None (Microbone to CO2 Laser) result=[(True, True)]
action=open, ok=True, locked=[False]
open () {'description': 'Microbone to Inlet Pipette'}
open name=--- desc=Microbone to Inlet Pipette
checking ownership. requestor=129.138.12.150
check software interlocks S
interlocks []
actuate state mode=None-script, software_lock=False
doing actuation None-script open_channel False
Open S ===>> OK
testing H1<-5.0
evaluate ot="H1.bs<-5.0" t="H1<-5.0", ctx="{'H1': 0.0018066670815131685}"
GetIndicatorState S ===>> OK
change switch state (True, True)
12:49:30 -- OPEN   VALVE-S (Microbone to Inlet Pipette)
-------------------------- open None (Microbone to Inlet Pipette) result=[(True, True)]
action=open, ok=True, locked=[False]
sleep (1,) {}
SLEEP 1.0
testing Ar40>5000.0
evaluate ot="Ar40>5000.0" t="Ar40>5000.0", ctx="{'Ar40': 3147.929568982633}"
set_resource () {'name': 'CO2PumpTimeFlag', 'value': 30}
Set CO2PumpTimeFlag 30 ===>> OK
release ('JanCO2Flag',) {}
release JanCO2Flag
Set JanCO2Flag 0 ===>> OK
executed snippet estimated_duration=6.0, duration=6.13056397438
PumpMicrobone.py completed successfully
gosub finished
get_resource_value () {'name': 'JanMiniboneFlag'}
Read JanMiniboneFlag ===>> 0
Get Resource Value JanMiniboneFlag=0.0
get resource value 0.0
get_resource_value () {'name': 'JanMiniboneFlag'}
Read JanMiniboneFlag ===>> 0
Get Resource Value JanMiniboneFlag=0.0
executed snippet estimated_duration=4.0, duration=6.14419698715
jan_pump_extraction_line.py completed successfully
Post Equilibration Finished
12:49:31 -- ******* Post Equilibration Finished *******
testing Ar40>5000.0
evaluate ot="Ar40>5000.0" t="Ar40>5000.0", ctx="{'Ar40': 3152.5841508485087}"
testing Ar40>5000.0
evaluate ot="Ar40>5000.0" t="Ar40>5000.0", ctx="{'Ar40': 3157.971165764583}"
testing Ar40>5000.0
evaluate ot="Ar40>5000.0" t="Ar40>5000.0", ctx="{'Ar40': 3161.486905350878}"
testing Ar40>5000.0
evaluate ot="Ar40>5000.0" t="Ar40>5000.0", ctx="{'Ar40': 3162.614410016508}"
testing H1<-5.0
evaluate ot="H1.bs<-5.0" t="H1<-5.0", ctx="{'H1': 0.0018066670815131685}"
testing Ar40>5000.0
evaluate ot="Ar40>5000.0" t="Ar40>5000.0", ctx="{'Ar40': 3162.0374066648674}"
testing Ar40>5000.0
evaluate ot="Ar40>5000.0" t="Ar40>5000.0", ctx="{'Ar40': 3161.882420844506}"
testing Ar40>5000.0
evaluate ot="Ar40>5000.0" t="Ar40>5000.0", ctx="{'Ar40': 3162.1616459256593}"
testing Ar40>5000.0
evaluate ot="Ar40>5000.0" t="Ar40>5000.0", ctx="{'Ar40': 3162.536345361094}"
testing Ar40>5000.0
evaluate ot="Ar40>5000.0" t="Ar40>5000.0", ctx="{'Ar40': 3162.351760437566}"
testing H1<-5.0
evaluate ot="H1.bs<-5.0" t="H1<-5.0", ctx="{'H1': 0.0018066670815131685}"
testing Ar40>5000.0
evaluate ot="Ar40>5000.0" t="Ar40>5000.0", ctx="{'Ar40': 3161.9411256843755}"
testing Ar40>5000.0
evaluate ot="Ar40>5000.0" t="Ar40>5000.0", ctx="{'Ar40': 3161.9733281273607}"
testing Ar40>5000.0
evaluate ot="Ar40>5000.0" t="Ar40>5000.0", ctx="{'Ar40': 3162.250852117394}"
testing Ar40>5000.0
evaluate ot="Ar40>5000.0" t="Ar40>5000.0", ctx="{'Ar40': 3162.0327938922755}"
testing Ar40>5000.0
evaluate ot="Ar40>5000.0" t="Ar40>5000.0", ctx="{'Ar40': 3162.206125577142}"
testing H1<-5.0
evaluate ot="H1.bs<-5.0" t="H1<-5.0", ctx="{'H1': 0.0018066670815131685}"
testing Ar40>5000.0
evaluate ot="Ar40>5000.0" t="Ar40>5000.0", ctx="{'Ar40': 3162.5414860811848}"
testing Ar40>2000.0
evaluate ot="Ar40.bs_corrected>2000.0" t="Ar40>2000.0", ctx="{'Ar40': 3163.2019643248846}"
condition Ar40>2000.0 is true trips=1/1
12:49:46 -- Conditional tripped: Ar40.bs_corrected>2000.0 condition Ar40>2000.0 is True
12:49:46 -- truncation conditional condition Ar40>2000.0 is True. measurement iteration executed 20/120 counts
state changed from measurement to truncated
waiting for write to finish
measurement finished
estimated time: 125.829 actual time: :21.102
flush and close file /Users/jan/PychronDev/data/isotopes/4a/842873-7fe2-48ed-89a1-c003c2dc7274.h5
baselines () {'settling_time': 15.0, 'detector': 'H1', 'mass': 34.2, 'ncounts': 60.0}
%%%%%%%%%%%%%%%%%%%%%%%%%%%%%%%% Baseline
build tables- baseline [Detector(H2), Detector(H1), Detector(AX), Detector(L1), Detector(L2), Detector(CDD)]
add group baseline table H2
add group baseline table H1
add group baseline table AX
add group baseline table L1
add group baseline table L2
add group baseline table CDD
flush and close file /Users/jan/PychronDev/data/isotopes/4a/842873-7fe2-48ed-89a1-c003c2dc7274.h5
detector Detector(H1)
POSITION 34.2 H1
Mapping mass to dac mass func: "parabolic"
H1 map mass coeffs = [ -3.11428344e-04   1.33794662e-01   1.02903323e+00]
H1 map mass to dac 34.2 >> 5.24055160773
loading system conditionals pre_run_terminations
loading conditionals from /Users/jan/PychronDev/setupfiles/spectrometer/default_conditionals.yaml
loading queue conditionals pre_run_terminations
loading system conditionals None
loading conditionals from /Users/jan/PychronDev/setupfiles/spectrometer/default_conditionals.yaml
GetDeflection H1 ===>> 0
loading queue conditionals None
loading system conditionals post_run_terminations
loading conditionals from /Users/jan/PychronDev/setupfiles/spectrometer/default_conditionals.yaml
GetHighVoltage ===>> 4499.94659342336
loading queue conditionals post_run_terminations
positioning 34.2 (5.24052074661) on H1
Show conditionals active run: <pychron.experiment.automated_run.automated_run.AutomatedRun object at 0x1434dd470>
setting magnet DAC
Show conditionals measuring run: <pychron.experiment.automated_run.automated_run.AutomatedRun object at 0x1434dd470>
current  : 5.878405
active_run same as measuring_run: True
requested: 5.240521
Delta Dac: 0.637885
Checking detector protection. dv=0.63788
Checking detector "CDD". Protection Threshold: 0.5 (V)
ProtectDetector CDD,On ===>> OK
GetDeflection CDD ===>> 2000
Protected = 2000
SetMagnetDAC 5.24052074661 ===>> OK
Magnet settling time: 0.500 0.500
Magnet settling complete
Wait for magnet to stop moving
GetMagnetMoving ===>> True
GetMagnetMoving ===>> True
GetMagnetMoving ===>> True
GetMagnetMoving ===>> True
GetMagnetMoving ===>> True
GetMagnetMoving ===>> True
GetMagnetMoving ===>> True
GetMagnetMoving ===>> True
GetMagnetMoving ===>> True
GetMagnetMoving ===>> False
Magnet move complete
Unprotect detectors
ProtectDetector CDD,Off ===>> OK
GetDeflection CDD ===>> 50
set_dac. change=True
Delaying 15.0s for detectors to settle
Join finished
measuring baseline. ncounts=60.0
"baseline" increment series count="2" fit count="1" regressing="True"
starting measurement
testing H1<-5.0
evaluate ot="H1.bs<-5.0" t="H1<-5.0", ctx="{'H1': -0.08489048362528268}"
testing Ar40>5000.0
evaluate ot="Ar40>5000.0" t="Ar40>5000.0", ctx="{'Ar40': 3162.6170533236104}"
testing Ar40>5000.0
evaluate ot="Ar40>5000.0" t="Ar40>5000.0", ctx="{'Ar40': 3162.603206289685}"
testing Ar40>5000.0
evaluate ot="Ar40>5000.0" t="Ar40>5000.0", ctx="{'Ar40': 3162.592939284876}"
testing Ar40>5000.0
evaluate ot="Ar40>5000.0" t="Ar40>5000.0", ctx="{'Ar40': 3162.591895459}"
testing Ar40>5000.0
evaluate ot="Ar40>5000.0" t="Ar40>5000.0", ctx="{'Ar40': 3162.5842543360573}"
testing H1<-5.0
evaluate ot="H1.bs<-5.0" t="H1<-5.0", ctx="{'H1': -0.040961587790942805}"
testing Ar40>5000.0
evaluate ot="Ar40>5000.0" t="Ar40>5000.0", ctx="{'Ar40': 3162.582104411117}"
testing Ar40>5000.0
evaluate ot="Ar40>5000.0" t="Ar40>5000.0", ctx="{'Ar40': 3162.5804266929126}"
testing Ar40>5000.0
evaluate ot="Ar40>5000.0" t="Ar40>5000.0", ctx="{'Ar40': 3162.5752125505087}"
testing Ar40>5000.0
evaluate ot="Ar40>5000.0" t="Ar40>5000.0", ctx="{'Ar40': 3162.5740603896747}"
testing Ar40>5000.0
evaluate ot="Ar40>5000.0" t="Ar40>5000.0", ctx="{'Ar40': 3162.5681427124855}"
testing H1<-5.0
evaluate ot="H1.bs<-5.0" t="H1<-5.0", ctx="{'H1': -0.024849964219573716}"
testing Ar40>5000.0
evaluate ot="Ar40>5000.0" t="Ar40>5000.0", ctx="{'Ar40': 3162.5631611060753}"
testing Ar40>5000.0
evaluate ot="Ar40>5000.0" t="Ar40>5000.0", ctx="{'Ar40': 3162.556417969142}"
testing Ar40>5000.0
evaluate ot="Ar40>5000.0" t="Ar40>5000.0", ctx="{'Ar40': 3162.5470405432943}"
testing Ar40>5000.0
evaluate ot="Ar40>5000.0" t="Ar40>5000.0", ctx="{'Ar40': 3162.5429069213287}"
testing Ar40>5000.0
evaluate ot="Ar40>5000.0" t="Ar40>5000.0", ctx="{'Ar40': 3162.537386702397}"
testing H1<-5.0
evaluate ot="H1.bs<-5.0" t="H1<-5.0", ctx="{'H1': 0.005906045869116769}"
testing Ar40>5000.0
evaluate ot="Ar40>5000.0" t="Ar40>5000.0", ctx="{'Ar40': 3162.5324942552775}"
testing Ar40>2000.0
evaluate ot="Ar40.bs_corrected>2000.0" t="Ar40>2000.0", ctx="{'Ar40': 3163.1929724989773}"
condition Ar40>2000.0 is true trips=1/1
12:50:26 -- Conditional tripped: Ar40.bs_corrected>2000.0 condition Ar40>2000.0 is True
12:50:26 -- truncation conditional condition Ar40>2000.0 is True. measurement iteration executed 20/60 counts
waiting for write to finish
measurement finished
estimated time: 62.915 actual time: :21.114
flush and close file /Users/jan/PychronDev/data/isotopes/4a/842873-7fe2-48ed-89a1-c003c2dc7274.h5
activate_detectors ('H1', 'AX', 'CDD') {'peak_center': True}
peak_center () {'detector': 'H1', 'isotope': 'Ar40'}
peak center: mean=3127.39195804 threshold=5.0
peak center started
setup peak center. detector=['H1', 'AX', 'CDD'], isotope=Ar40
VersionedUnpickler [<apptools.sweet_pickle.versioned_unpickler.VersionedUnpickler object at 0x14c0dd890>] using Updater [<apptools.sweet_pickle.updater.Updater object at 0x130b4d0b0>]
VersionedUnpickler [<apptools.sweet_pickle.versioned_unpickler.VersionedUnpickler object at 0x14c0dd890>] using Updater [<apptools.sweet_pickle.updater.Updater object at 0x130b4d0b0>]
VersionedUnpickler [<apptools.sweet_pickle.versioned_unpickler.VersionedUnpickler object at 0x1396af290>] using Updater [<apptools.sweet_pickle.updater.Updater object at 0x130b4d0b0>]
Mapping mass to dac mass func: "parabolic"
H1 map mass coeffs = [ -3.11428344e-04   1.33794662e-01   1.02903323e+00]
H1 map mass to dac 39.9624 >> 5.87844
GetDeflection H1 ===>> 0
GetHighVoltage ===>> 4499.94659342336
do peak center. <pychron.spectrometer.jobs.peak_center.PeakCenter object at 0x130b4d050>
doing pc
starting peak center. center dac= 5.87840538242 step_width=0.001
width = 0.001
get scan parameters. half-width=0.015,window=0.015, i=0, scalar=1
Scan parameters center=5.87841 width=0.03000 (5.86341 - 5.89341)
Moving to starting dac 5.86340538242
setting magnet DAC
current  : 5.240521
requested: 5.863405
Delta Dac: 0.622885
Checking detector protection. dv=0.62288
Checking detector "CDD". Protection Threshold: 0.5 (V)
ProtectDetector CDD,On ===>> OK
loading system conditionals pre_run_terminations
loading conditionals from /Users/jan/PychronDev/setupfiles/spectrometer/default_conditionals.yaml
GetDeflection CDD ===>> 2000
loading queue conditionals pre_run_terminations
Protected = 2000
loading system conditionals None
loading conditionals from /Users/jan/PychronDev/setupfiles/spectrometer/default_conditionals.yaml
SetMagnetDAC 5.86340538242 ===>> OK
Magnet settling time: 0.500 0.500
loading queue conditionals None
loading system conditionals post_run_terminations
loading conditionals from /Users/jan/PychronDev/setupfiles/spectrometer/default_conditionals.yaml
loading queue conditionals post_run_terminations
Show conditionals active run: <pychron.experiment.automated_run.automated_run.AutomatedRun object at 0x1434dd470>
Show conditionals measuring run: <pychron.experiment.automated_run.automated_run.AutomatedRun object at 0x1434dd470>
active_run same as measuring_run: True
Magnet settling complete
Wait for magnet to stop moving
GetMagnetMoving ===>> True
GetMagnetMoving ===>> True
GetMagnetMoving ===>> True
GetMagnetMoving ===>> True
GetMagnetMoving ===>> True
GetMagnetMoving ===>> True
GetMagnetMoving ===>> True
GetMagnetMoving ===>> True
GetMagnetMoving ===>> True
GetMagnetMoving ===>> False
Magnet move complete
Unprotect detectors
ProtectDetector CDD,Off ===>> OK
GetDeflection CDD ===>> 50
set_dac. change=True
Wait until signal near baseline. tol= 0.0589767011133. timeout= 10
Peak center failed to move to a baseline position
_do_sweep sm= 5.86340538242, em= 5.89340538242, stm= 0.001
calculated step values: start=5.86340538242, end=5.89340538242, width=0.001, nsteps=31.0
setting magnet DAC
current  : 5.863405
requested: 5.863405
Delta Dac: 0.000000
Checking detector protection. dv=0.00000
Checking detector "CDD". Protection Threshold: 0.5 (V)
SetMagnetDAC 5.86340538242 ===>> OK
set_dac. change=False
setting magnet DAC
current  : 5.863405
requested: 5.864440
Delta Dac: 0.001034
Checking detector protection. dv=0.00103
Checking detector "CDD". Protection Threshold: 0.5 (V)
SetMagnetDAC 5.86443986518 ===>> OK
Magnet settling time: 2.097 0.500
Magnet settling complete
set_dac. change=True
setting magnet DAC
current  : 5.864440
requested: 5.865474
Delta Dac: 0.001034
Checking detector protection. dv=0.00103
Checking detector "CDD". Protection Threshold: 0.5 (V)
SetMagnetDAC 5.86547434794 ===>> OK
Magnet settling time: 2.097 0.500
Magnet settling complete
set_dac. change=True
setting magnet DAC
current  : 5.865474
requested: 5.866509
Delta Dac: 0.001034
Checking detector protection. dv=0.00103
Checking detector "CDD". Protection Threshold: 0.5 (V)
SetMagnetDAC 5.86650883069 ===>> OK
Magnet settling time: 2.097 0.500
Magnet settling complete
set_dac. change=True
setting magnet DAC
current  : 5.866509
requested: 5.867543
Delta Dac: 0.001034
Checking detector protection. dv=0.00103
Checking detector "CDD". Protection Threshold: 0.5 (V)
SetMagnetDAC 5.86754331345 ===>> OK
Magnet settling time: 2.097 0.500
Magnet settling complete
set_dac. change=True
setting magnet DAC
current  : 5.867543
requested: 5.868578
Delta Dac: 0.001034
Checking detector protection. dv=0.00103
Checking detector "CDD". Protection Threshold: 0.5 (V)
SetMagnetDAC 5.86857779621 ===>> OK
Magnet settling time: 2.097 0.500
Magnet settling complete
set_dac. change=True
setting magnet DAC
current  : 5.868578
requested: 5.869612
Delta Dac: 0.001034
Checking detector protection. dv=0.00103
Checking detector "CDD". Protection Threshold: 0.5 (V)
SetMagnetDAC 5.86961227897 ===>> OK
Magnet settling time: 2.097 0.500
Magnet settling complete
set_dac. change=True
setting magnet DAC
current  : 5.869612
requested: 5.870647
Delta Dac: 0.001034
Checking detector protection. dv=0.00103
Checking detector "CDD". Protection Threshold: 0.5 (V)
SetMagnetDAC 5.87064676173 ===>> OK
Magnet settling time: 2.097 0.500
Magnet settling complete
set_dac. change=True
setting magnet DAC
current  : 5.870647
requested: 5.871681
Delta Dac: 0.001034
Checking detector protection. dv=0.00103
Checking detector "CDD". Protection Threshold: 0.5 (V)
SetMagnetDAC 5.87168124449 ===>> OK
Magnet settling time: 2.097 0.500
Magnet settling complete
set_dac. change=True
setting magnet DAC
current  : 5.871681
requested: 5.872716
Delta Dac: 0.001034
Checking detector protection. dv=0.00103
Checking detector "CDD". Protection Threshold: 0.5 (V)
SetMagnetDAC 5.87271572725 ===>> OK
Magnet settling time: 2.097 0.500
Magnet settling complete
set_dac. change=True
setting magnet DAC
current  : 5.872716
requested: 5.873750
Delta Dac: 0.001034
Checking detector protection. dv=0.00103
Checking detector "CDD". Protection Threshold: 0.5 (V)
SetMagnetDAC 5.87375021 ===>> OK
Magnet settling time: 2.097 0.500
Magnet settling complete
set_dac. change=True
setting magnet DAC
current  : 5.873750
requested: 5.874785
Delta Dac: 0.001034
Checking detector protection. dv=0.00103
Checking detector "CDD". Protection Threshold: 0.5 (V)
SetMagnetDAC 5.87478469276 ===>> OK
Magnet settling time: 2.097 0.500
Magnet settling complete
set_dac. change=True
setting magnet DAC
current  : 5.874785
requested: 5.875819
Delta Dac: 0.001034
Checking detector protection. dv=0.00103
Checking detector "CDD". Protection Threshold: 0.5 (V)
SetMagnetDAC 5.87581917552 ===>> OK
Magnet settling time: 2.097 0.500
Magnet settling complete
set_dac. change=True
setting magnet DAC
current  : 5.875819
requested: 5.876854
Delta Dac: 0.001034
Checking detector protection. dv=0.00103
Checking detector "CDD". Protection Threshold: 0.5 (V)
SetMagnetDAC 5.87685365828 ===>> OK
Magnet settling time: 2.097 0.500
Magnet settling complete
set_dac. change=True
setting magnet DAC
current  : 5.876854
requested: 5.877888
Delta Dac: 0.001034
Checking detector protection. dv=0.00103
Checking detector "CDD". Protection Threshold: 0.5 (V)
SetMagnetDAC 5.87788814104 ===>> OK
Magnet settling time: 2.097 0.500
Magnet settling complete
set_dac. change=True
setting magnet DAC
current  : 5.877888
requested: 5.878923
Delta Dac: 0.001034
Checking detector protection. dv=0.00103
Checking detector "CDD". Protection Threshold: 0.5 (V)
SetMagnetDAC 5.8789226238 ===>> OK
Magnet settling time: 2.097 0.500
Magnet settling complete
set_dac. change=True
setting magnet DAC
current  : 5.878923
requested: 5.879957
Delta Dac: 0.001034
Checking detector protection. dv=0.00103
Checking detector "CDD". Protection Threshold: 0.5 (V)
SetMagnetDAC 5.87995710656 ===>> OK
Magnet settling time: 2.097 0.500
Magnet settling complete
set_dac. change=True
setting magnet DAC
current  : 5.879957
requested: 5.880992
Delta Dac: 0.001034
Checking detector protection. dv=0.00103
Checking detector "CDD". Protection Threshold: 0.5 (V)
SetMagnetDAC 5.88099158931 ===>> OK
Magnet settling time: 2.097 0.500
Magnet settling complete
set_dac. change=True
setting magnet DAC
current  : 5.880992
requested: 5.882026
Delta Dac: 0.001034
Checking detector protection. dv=0.00103
Checking detector "CDD". Protection Threshold: 0.5 (V)
SetMagnetDAC 5.88202607207 ===>> OK
Magnet settling time: 2.097 0.500
Magnet settling complete
set_dac. change=True
setting magnet DAC
current  : 5.882026
requested: 5.883061
Delta Dac: 0.001034
Checking detector protection. dv=0.00103
Checking detector "CDD". Protection Threshold: 0.5 (V)
SetMagnetDAC 5.88306055483 ===>> OK
Magnet settling time: 2.097 0.500
Magnet settling complete
set_dac. change=True
setting magnet DAC
current  : 5.883061
requested: 5.884095
Delta Dac: 0.001034
Checking detector protection. dv=0.00103
Checking detector "CDD". Protection Threshold: 0.5 (V)
SetMagnetDAC 5.88409503759 ===>> OK
Magnet settling time: 2.097 0.500
Magnet settling complete
set_dac. change=True
setting magnet DAC
current  : 5.884095
requested: 5.885130
Delta Dac: 0.001034
Checking detector protection. dv=0.00103
Checking detector "CDD". Protection Threshold: 0.5 (V)
SetMagnetDAC 5.88512952035 ===>> OK
Magnet settling time: 2.097 0.500
Magnet settling complete
set_dac. change=True
setting magnet DAC
current  : 5.885130
requested: 5.886164
Delta Dac: 0.001034
Checking detector protection. dv=0.00103
Checking detector "CDD". Protection Threshold: 0.5 (V)
SetMagnetDAC 5.88616400311 ===>> OK
Magnet settling time: 2.097 0.500
Magnet settling complete
set_dac. change=True
setting magnet DAC
current  : 5.886164
requested: 5.887198
Delta Dac: 0.001034
Checking detector protection. dv=0.00103
Checking detector "CDD". Protection Threshold: 0.5 (V)
SetMagnetDAC 5.88719848587 ===>> OK
Magnet settling time: 2.097 0.500
Magnet settling complete
set_dac. change=True
setting magnet DAC
current  : 5.887198
requested: 5.888233
Delta Dac: 0.001034
Checking detector protection. dv=0.00103
Checking detector "CDD". Protection Threshold: 0.5 (V)
SetMagnetDAC 5.88823296862 ===>> OK
Magnet settling time: 2.097 0.500
Magnet settling complete
set_dac. change=True
setting magnet DAC
current  : 5.888233
requested: 5.889267
Delta Dac: 0.001034
Checking detector protection. dv=0.00103
Checking detector "CDD". Protection Threshold: 0.5 (V)
SetMagnetDAC 5.88926745138 ===>> OK
Magnet settling time: 2.097 0.500
Magnet settling complete
set_dac. change=True
setting magnet DAC
current  : 5.889267
requested: 5.890302
Delta Dac: 0.001034
Checking detector protection. dv=0.00103
Checking detector "CDD". Protection Threshold: 0.5 (V)
SetMagnetDAC 5.89030193414 ===>> OK
Magnet settling time: 2.097 0.500
Magnet settling complete
set_dac. change=True
setting magnet DAC
current  : 5.890302
requested: 5.891336
Delta Dac: 0.001034
Checking detector protection. dv=0.00103
Checking detector "CDD". Protection Threshold: 0.5 (V)
SetMagnetDAC 5.8913364169 ===>> OK
Magnet settling time: 2.097 0.500
Magnet settling complete
set_dac. change=True
setting magnet DAC
current  : 5.891336
requested: 5.892371
Delta Dac: 0.001034
Checking detector protection. dv=0.00103
Checking detector "CDD". Protection Threshold: 0.5 (V)
SetMagnetDAC 5.89237089966 ===>> OK
Magnet settling time: 2.097 0.500
Magnet settling complete
set_dac. change=True
setting magnet DAC
current  : 5.892371
requested: 5.893405
Delta Dac: 0.001034
Checking detector protection. dv=0.00103
Checking detector "CDD". Protection Threshold: 0.5 (V)
SetMagnetDAC 5.89340538242 ===>> OK
Magnet settling time: 2.097 0.500
Magnet settling complete
set_dac. change=True
result of _do_sweep=True
result of _calculate_peak_center=([5.870709991636506, 5.8784955627787907, 5.8862811339210754], [2228.0664683549403, 3025.0212059868863, 2214.5623522668952], 5.8749484685904143, 3025.0212059868863)
Failed to find a valid peak. No peak greater than 1.0. max = 0.0391652207129
new center pos Detector(H1) (Ar40) @ 5.87849556278
GetHighVoltage ===>> 4499.94659342336
GetDeflection H1 ===>> 0
dac uncorrected for HV and deflection 5.87853018089
update mftable H1 Ar40 5.87853018089 message=automated run peakcenter
get initial guess parabolic
get initial guess parabolic
get initial guess parabolic
get initial guess parabolic
get initial guess parabolic
get initial guess parabolic
dump mftable to /Users/jan/PychronDev/setupfiles/spectrometer/mftables/mftable.csv
add to repo msg=modified - automated run peakcenter
sweep finished
locally archiving mftable
setting magnet DAC
current  : 5.893405
requested: 5.878496
Delta Dac: 0.014910
Checking detector protection. dv=0.01491
Checking detector "CDD". Protection Threshold: 0.5 (V)
SetMagnetDAC 5.87849556278 ===>> OK
Magnet settling time: 0.500 0.500
Magnet settling complete
set_dac. change=True
Failed to find a valid peak. No peak greater than 1.0. max = 0.0391652207129
flush and close file /Users/jan/PychronDev/data/isotopes/4a/842873-7fe2-48ed-89a1-c003c2dc7274.h5
finished measure script
executed snippet estimated_duration=213.56, duration=164.531116962
jan_co2_whiff_120_60_large.py completed successfully
Measurement Finished
12:51:43 -- ******* Measurement Finished *******
Post Measurement Started jan_pump_ms.py
12:51:43 -- ******* Post Measurement Started jan_pump_ms.py *******
testing...
no interpolation path defined
executed snippet estimated_duration=0, duration=2.40802764893e-05
Pumping spectrometer
open () {'name': 'O'}
open name=O desc=---
checking ownership. requestor=129.138.12.150
check software interlocks O
interlocks []
actuate state mode=None-script, software_lock=False
doing actuation None-script open_channel True
Open O ===>> OK
GetIndicatorState O ===>> OK
change switch state (True, True)
12:51:44 -- OPEN   VALVE-O (Jan Ion Pump)
-------------------------- open O () result=[(True, True)]
action=open, ok=True, locked=[False]
executed snippet estimated_duration=0, duration=0.363077163696
jan_pump_ms.py completed successfully
setting _ms_pumptime
Post Measurement Finished
12:51:44 -- ******* Post Measurement Finished *******
$$$$$$$$$$$$$$$$$$$$ state at run end truncated
post measurement save measured=True aborted=False
Set filtering
setting fod for Ar41= {'filter_outliers': True, 'std_devs': 2, 'iterations': 1}
setting fod for H2= {'filter_outliers': True, 'std_devs': 2, 'iterations': 1}
setting fod for Ar40= {'filter_outliers': True, 'std_devs': 2, 'iterations': 1}
setting fod for H1= {'filter_outliers': True, 'std_devs': 2, 'iterations': 1}
setting fod for Ar36= {'filter_outliers': True, 'std_devs': 2, 'iterations': 1}
setting fod for CDD= {'filter_outliers': True, 'std_devs': 10, 'iterations': 1}
setting fod for Ar37= {'filter_outliers': True, 'std_devs': 2, 'iterations': 1}
setting fod for L2= {'filter_outliers': True, 'std_devs': 2, 'iterations': 1}
setting fod for Ar38= {'filter_outliers': True, 'std_devs': 2, 'iterations': 1}
setting fod for L1= {'filter_outliers': True, 'std_devs': 2, 'iterations': 1}
setting fod for Ar39= {'filter_outliers': True, 'std_devs': 2, 'iterations': 1}
setting fod for AX= {'filter_outliers': True, 'std_devs': 2, 'iterations': 1}
not connected to db mysql://janexp@129.138.12.160/labspy
Enviromentals: {'lab_humiditys': [{'device': 'EnvironmentalMonitor',
                    'name': 'Lab Hum.',
                    'pub_date': '2017-09-18T12:45:47',
                    'title': 'iServer Hum.',
                    'value': 33.7}],
 'lab_pneumatics': [{'device': 'AirPressure',
                     'name': 'Pressure',
                     'pub_date': '2017-09-18T12:50:49',
                     'title': None,
                     'value': 89.4},
                    {'device': 'AirPressure2',
                     'name': 'Pressure2',
                     'pub_date': '2017-09-18T12:50:49',
                     'title': None,
                     'value': 90.2278}],
 'lab_temperatures': [{'device': 'Coldfinger',
                       'name': 'ColdFinger Temp.',
                       'pub_date': '2017-09-17T13:20:43',
                       'title': None,
                       'value': -194.0},
                      {'device': 'EnvironmentalMonitor',
                       'name': 'Lab Temp.',
                       'pub_date': '2017-09-18T12:13:10',
                       'title': 'iServer Temp.',
                       'value': 72.6},
                      {'device': 'Chiller',
                       'name': 'Coolant Temp.',
                       'pub_date': '2017-09-18T12:25:27',
                       'title': None,
                       'value': 18.0}]}
persistence save...
persistence save - db
post measurement save
5564049360 connecting to database sqlite://@/
connected to db sqlite://@/
create new session 5564049360
close session 5564049360
No database instance. Not saving post measurement to isotopedb database
$$$$$$$$$$$$$$$ auto_save_detector_ic=False
massspec enabled True
create new session 5009955152
MassSpec Database Version: 16.0
close session 5009955152
saving post measurement to secondary database
saving to massspec database 129.138.12.160/massspecdata
setting labnumber to 65740
setting aliquot to 102
setting step to 
setting uuid to 4a842873-7fe2-48ed-89a1-c003c2dc7274
setting irradpos to 65740
setting extract_device to Fusions CO2
setting tray to 
setting position to 22
setting power_requested to 7.0
setting extract_value to 7.0
setting duration to 30.0
setting duration_at_request to 30.0
setting first_stage_delay to 30.0
setting cleanup to 30.0
setting comment to N:17
setting irradiation to NM-290
setting level to N
setting irradiation_level to N
setting sample to K16-BD-5
setting material to Sanidine
setting project to IR1006
setting mass_spectrometer to Jan
no attribute chron_dosages
no attribute production_ratios
no attribute interference_corrections
no attribute production_name
no attribute j
Reference Isotope=Ar40
Reference Detector=H1
%%%%%%%%%%%%%%%%%%%% Comment: N:17 %%%%%%%%%%%%%%%%%%%
adding isotope Ar41 H2
add baseline dbdet= Ar41. original det= H2
get baseline data Ar41 H2
Get data baseline <pychron.processing.isotope.Baseline object at 0x144843f90> len t=20
baseline Ar41. v=-0.0922154148623, e=0.00943513248318
get signal data Ar41 H2
Get data signal Ar41 0.248+/-0.028 len t=20
adding isotope Ar40 H1
add baseline dbdet= Ar40. original det= H1
get baseline data Ar40 H1
Get data baseline <pychron.processing.isotope.Baseline object at 0x145466190> len t=20
baseline Ar40. v=0.0187813515426, e=0.0147630207919
get signal data Ar40 H1
Get data signal Ar40 3164.2+/-0.7 len t=20
adding isotope Ar39 AX
add baseline dbdet= Ar39. original det= AX
get baseline data Ar39 AX
Get data baseline <pychron.processing.isotope.Baseline object at 0x145466350> len t=20
baseline Ar39. v=0.125707305903, e=0.00831539757081
get signal data Ar39 AX
Get data signal Ar39 25.73+/-0.09 len t=20
adding isotope Ar38 L1
add baseline dbdet= Ar38. original det= L1
get baseline data Ar38 L1
Get data baseline <pychron.processing.isotope.Baseline object at 0x145466510> len t=20
baseline Ar38. v=-0.0269906478564, e=0.00377668508362
get signal data Ar38 L1
Get data signal Ar38 0.563+/-0.032 len t=20
adding isotope Ar37 L2
add baseline dbdet= Ar37. original det= L2
get baseline data Ar37 L2
Get data baseline <pychron.processing.isotope.Baseline object at 0x1454666d0> len t=20
baseline Ar37. v=-0.0110475656737, e=0.00827582546004
get signal data Ar37 L2
Get data signal Ar37 0.15+/-0.08 len t=20
adding isotope Ar36 CDD
add baseline dbdet= Ar36. original det= CDD
get baseline data Ar36 CDD
Get data baseline <pychron.processing.isotope.Baseline object at 0x145466890> len t=20
baseline Ar36. v=0.000489538860633, e=5.49815141119e-05
get signal data Ar36 CDD
Get data signal Ar36 0.0480+/-0.0028 len t=20
65740-102 added analysis time 0.4690990448s
analysis added to mass spec database
mass spec save time= 0.480
persistence save - dvc
================= post measurement started
create new session 4939568624
close session 4939568624
---------------- Experiment Queue saving disabled
DVC saving peakcenter
Failed to find a valid peak. No peak greater than 1.0. max = 0.0391652207129
Smart pull ahead: 0 behind: 0
Up-to-date with origin
add to repo msg=modified - ad8224ebc6dbfeb9f5997218dfa5fe690569839d.json
add to repo msg=modified - 40-102.json
add to repo msg=modified - 40-102.dat.json
add to repo msg=modified - 40-102.blan.json
add to repo msg=modified - 40-102.inte.json
add to repo msg=modified - 40-102.icfa.json
add to repo msg=modified - 40-102.base.json
not at valid file /Users/jan/PychronDev/data/.dvc/repositories/IR1006/657/tags/40-102.tags.json
add to repo msg=modified - 40-102.peak.json
add to repo msg=modified - 40-102.extr.json
not at valid file /Users/jan/PychronDev/data/.dvc/repositories/IR1006/657/monitor/40-102.moni.json
commit message=<COLLECTION>
add to repo msg=modified - 40-102.inte.json
add to repo msg=modified - 40-102.base.json
commit message=<ISOEVO> default collection fits
add to repo msg=modified - 40-102.blan.json
commit message=<BLANKS> preceding bu-FC-J-8410
add to repo msg=modified - 40-102.icfa.json
commit message=<ICFactor> default
push repository <pychron.git_archive.repo_manager.GitRepoManager object at 0x139f9d8f0>
pushing to remote=origin, url=https://github.com
no changes to meta repo
create new session 4939568624
add association IR1006
get identifier "65740"
setting analysis irradiation position=<pychron.dvc.dvc_orm.IrradiationPositionTbl object at 0x14bad6ed0>
close session 4939568624
================= post measurement finished
12:51:58 -- ******* Post Run Check *******
loading queue conditionals post_run_actions
loading system conditionals post_run_actions
loading conditionals from /Users/jan/PychronDev/setupfiles/spectrometer/default_conditionals.yaml
loading queue conditionals post_run_terminations
loading system conditionals post_run_terminations
loading conditionals from /Users/jan/PychronDev/setupfiles/spectrometer/default_conditionals.yaml
Checking default post run terminations n=1
GetDeflection CDD ===>> 50
testing CDD==2000
evaluate ot="CDD.deflection==2000" t="CDD==2000", ctx="{'CDD': 50.0}"
12:51:58 -- ******* Post Run Check Passed *******
12:51:58 -- Automated run 65740-102 truncated duration: 261.803 s
----------------- finish -----------------
----------------- stop -----------------
retroactive repository identifiers disabled
finish run. runs completed=22
write rem/ex queues
/Users/jan/PychronDev/experiments/rem/CurrentExperiment.rem.txt
/Users/jan/PychronDev/experiments/rem/CurrentExperiment.ex.txt
doing event level: 3
add run
