do run
loading script "jan_unknown120_60.py"
loading script "jan_pump_ms.py"
loading script "jan_cocktail_x1.py"
loading script "jan_pump_extraction_line.py"
testing...
no interpolation path defined
executed snippet estimated_duration=197.4, duration=0.000186204910278
script duration name:unknown120_60 seconds:197.0
loading script "jan_unknown120_60.py"
loading script "jan_pump_ms.py"
loading script "jan_cocktail_x1.py"
loading script "jan_pump_extraction_line.py"
testing...
no interpolation path defined
executed snippet estimated_duration=0, duration=3.12328338623e-05
loading script "jan_unknown120_60.py"
loading script "jan_pump_ms.py"
loading script "jan_cocktail_x1.py"
loading script "jan_pump_extraction_line.py"
testing...
no interpolation path defined
calculate duration
testing...
no interpolation path defined
executed snippet estimated_duration=0, duration=5.19752502441e-05
calculate duration
testing...
no interpolation path defined
executed snippet estimated_duration=0, duration=0.000103950500488
calculate duration
testing...
no interpolation path defined
executed snippet estimated_duration=32.0, duration=8.51154327393e-05
calculate duration
testing...
no interpolation path defined
executed snippet estimated_duration=34.0, duration=8.39233398438e-05
calculate duration
testing...
no interpolation path defined
executed snippet estimated_duration=4.0, duration=5.29289245605e-05
calculate duration
testing...
no interpolation path defined
executed snippet estimated_duration=38.0, duration=7.48634338379e-05
executed snippet estimated_duration=108.0, duration=0.00621604919434
script duration name:cocktail_x1 seconds:108.0
loading script "jan_unknown120_60.py"
loading script "jan_pump_ms.py"
loading script "jan_cocktail_x1.py"
loading script "jan_pump_extraction_line.py"
testing...
no interpolation path defined
calculate duration
testing...
no interpolation path defined
executed snippet estimated_duration=4.0, duration=0.000136137008667
executed snippet estimated_duration=4.0, duration=0.0011739730835
Script duration 305.0
Run total estimated duration= 306.000
run duration: 0:05:06
doing event level: 2
19:43:52 -- Setting default integration. t=1.048576
setting integration time = 1.048576
SetIntegrationTime 1.048576 ===>> OK
----------------- start -----------------
**************** Experiment Type: Ar/Ar, Ar/Ar
create new session 4951381296
close session 4951381296
$$$$$ Clearing conditionals
adding conditionals 
Add queue conditionals
add default conditionals
adding default conditionals from /Users/jan/PychronDev/setupfiles/spectrometer/default_conditionals.yaml
Start automated run c-02-J-2559
loading script "jan_unknown120_60.py"
loading script "jan_pump_ms.py"
loading script "jan_cocktail_x1.py"
loading script "jan_pump_extraction_line.py"
%%%%%%%%%%%%%%%%%% setting automated run c-02-J-2559
No value "sensitivity_multiplier" in metadata
$$$$$$$$$$$$$$$ auto_save_detector_ic=False
============================= Pre Extraction Check =============================
loading queue conditionals pre_run_terminations
loading system conditionals pre_run_terminations
loading conditionals from /Users/jan/PychronDev/setupfiles/spectrometer/default_conditionals.yaml
19:43:52 -- ******* Pre Extraction Check *******
Get a measurement from the spectrometer
Pre Extraction Termination data. keys=H2,H1,AX,L1,L2,CDD, signals=-0.05728,0.14574,0.10778,-0.03587,0.04602,0.00237
19:43:52 -- testing system defined conditionals
Checking default pre extraction terminations n=2
testing CDD
evaluate ot="CDD.inactive" t="CDD", ctx="{'CDD': False}"
GetDeflection CDD ===>> 50
testing CDD==2000
evaluate ot="CDD.deflection==2000" t="CDD==2000", ctx="{'CDD': 50.0}"
19:43:52 -- ******* Pre Extraction Check Passed *******
=================================================================================
19:43:52 -- stopping status monitor
stop 4938874800
Status monitor stopped
Status monitor finished
19:43:54 -- starting status monitor
start 4938874800
StatusMonitor period=1. Frequencies(state=2, checksum=3, lock=5, owner=5)
start extraction
do extraction
Analysis started at 19:43:55.631793
Extraction Started jan_cocktail_x1.py
19:43:55 -- ******* Extraction Started jan_cocktail_x1.py *******
state changed from not run to extraction
DO EXTRACTION <pychron.extraction_line.pyscript_runner.RemotePyScriptRunner object at 0x1293d4f50>
testing...
no interpolation path defined
calculate duration
testing...
no interpolation path defined
executed snippet estimated_duration=0, duration=5.00679016113e-05
calculate duration
testing...
no interpolation path defined
executed snippet estimated_duration=0, duration=9.58442687988e-05
calculate duration
testing...
no interpolation path defined
executed snippet estimated_duration=32.0, duration=7.79628753662e-05
calculate duration
testing...
no interpolation path defined
executed snippet estimated_duration=34.0, duration=8.39233398438e-05
calculate duration
testing...
no interpolation path defined
executed snippet estimated_duration=4.0, duration=8.29696655273e-05
calculate duration
testing...
no interpolation path defined
executed snippet estimated_duration=38.0, duration=7.39097595215e-05
executed snippet estimated_duration=108.0, duration=0.005854845047
Jan Cocktail Pipette x1
doing GOSUB
testing...
no interpolation path defined
executed snippet estimated_duration=0, duration=4.10079956055e-05
Waiting for minibone access
wait ('FelixMiniboneFlag', 0) {}
waiting for FelixMiniboneFlag = 0
Read FelixMiniboneFlag ===>> 0
finished waiting
Minibone free
acquire ('JanMiniboneFlag',) {'clear': True}
acquire JanMiniboneFlag
Set JanMiniboneFlag 1 ===>> OK
JanMiniboneFlag acquired
set extraction state False (0.75, 'red', 1.5)
Minibone acquired
wait ('MinibonePumpTimeFlag', 0) {}
waiting for MinibonePumpTimeFlag = 0
Read MinibonePumpTimeFlag ===>> 0
finished waiting
executed snippet estimated_duration=0, duration=0.0193479061127
WaitForMiniboneAccess.py completed successfully
gosub finished
doing GOSUB
testing...
no interpolation path defined
executed snippet estimated_duration=0, duration=0.000188112258911
Prepare for Air Shot
close () {'description': 'Jan Inlet'}
close name=--- desc=Jan Inlet
checking ownership. requestor=129.138.12.150
check software interlocks R
interlocks []
actuate state mode=None-script, software_lock=False
doing actuation None-script close_channel False
Close R ===>> OK
GetIndicatorState R ===>> False
change switch state (True, True)
19:43:56 -- CLOSE  VALVE-R (Jan Inlet)
-------------------------- close None (Jan Inlet) result=[(True, True)]
action=close, ok=True, locked=[False]
open () {'description': 'Jan Ion Pump'}
open name=--- desc=Jan Ion Pump
checking ownership. requestor=129.138.12.150
check software interlocks O
interlocks []
actuate state mode=None-script, software_lock=False
doing actuation None-script open_channel False
Open O ===>> OK
GetIndicatorState O ===>> OK
change switch state (True, True)
19:43:56 -- OPEN   VALVE-O (Jan Ion Pump)
-------------------------- open None (Jan Ion Pump) result=[(True, True)]
action=open, ok=True, locked=[False]
close () {'description': 'Minibone to Bone'}
close name=--- desc=Minibone to Bone
checking ownership. requestor=129.138.12.150
check software interlocks I
interlocks []
actuate state mode=None-script, software_lock=False
doing actuation None-script close_channel False
Close I ===>> OK
GetIndicatorState I ===>> False
change switch state (True, True)
19:43:57 -- CLOSE  VALVE-I (Minibone to Bone)
-------------------------- close None (Minibone to Bone) result=[(True, True)]
action=close, ok=True, locked=[False]
close () {'description': 'Bone to Minibone'}
close name=--- desc=Bone to Minibone
checking ownership. requestor=129.138.12.150
check software interlocks E
interlocks []
actuate state mode=None-script, software_lock=False
doing actuation None-script close_channel True
Close E ===>> OK
GetIndicatorState E ===>> False
change switch state (True, True)
19:43:57 -- CLOSE  VALVE-E (Bone to Minibone)
-------------------------- close None (Bone to Minibone) result=[(True, True)]
action=close, ok=True, locked=[False]
close () {'description': 'Minibone to Turbo'}
close name=--- desc=Minibone to Turbo
checking ownership. requestor=129.138.12.150
check software interlocks P
interlocks []
actuate state mode=None-script, software_lock=False
doing actuation None-script close_channel True
Close P ===>> OK
GetIndicatorState P ===>> False
change switch state (True, True)
19:43:58 -- CLOSE  VALVE-P (Minibone to Turbo)
-------------------------- close None (Minibone to Turbo) result=[(True, True)]
action=close, ok=True, locked=[False]
close () {'description': 'Quad Inlet'}
close name=--- desc=Quad Inlet
checking ownership. requestor=129.138.12.150
check software interlocks Q
interlocks []
actuate state mode=None-script, software_lock=False
doing actuation None-script close_channel True
Close Q ===>> OK
GetIndicatorState Q ===>> False
change switch state (True, True)
19:43:58 -- CLOSE  VALVE-Q (Quad Inlet)
-------------------------- close None (Quad Inlet) result=[(True, True)]
action=close, ok=True, locked=[False]
open () {'description': 'Microbone to Turbo'}
open name=--- desc=Microbone to Turbo
checking ownership. requestor=129.138.12.150
check software interlocks U
interlocks []
actuate state mode=None-script, software_lock=False
doing actuation None-script open_channel False
Open U ===>> OK
GetIndicatorState U ===>> OK
change switch state (True, True)
19:43:58 -- OPEN   VALVE-U (Microbone to Turbo)
-------------------------- open None (Microbone to Turbo) result=[(True, True)]
action=open, ok=True, locked=[False]
open () {'description': 'Microbone to Inlet Pipette'}
open name=--- desc=Microbone to Inlet Pipette
checking ownership. requestor=129.138.12.150
check software interlocks S
interlocks []
actuate state mode=None-script, software_lock=False
doing actuation None-script open_channel False
Open S ===>> OK
GetIndicatorState S ===>> OK
change switch state (True, True)
19:43:59 -- OPEN   VALVE-S (Microbone to Inlet Pipette)
-------------------------- open None (Microbone to Inlet Pipette) result=[(True, True)]
action=open, ok=True, locked=[False]
open () {'description': 'Microbone to Getter D-50'}
open name=--- desc=Microbone to Getter D-50
checking ownership. requestor=129.138.12.150
check software interlocks K
interlocks []
actuate state mode=None-script, software_lock=False
doing actuation None-script open_channel False
Open K ===>> OK
GetIndicatorState K ===>> OK
change switch state (True, True)
19:44:00 -- OPEN   VALVE-K (Microbone to Getter D-50)
-------------------------- open None (Microbone to Getter D-50) result=[(True, True)]
action=open, ok=True, locked=[False]
open () {'description': 'Microbone to Getter NP-10'}
open name=--- desc=Microbone to Getter NP-10
checking ownership. requestor=129.138.12.150
check software interlocks M
interlocks []
actuate state mode=None-script, software_lock=False
doing actuation None-script open_channel False
Open M ===>> OK
GetIndicatorState M ===>> OK
change switch state (True, True)
19:44:00 -- OPEN   VALVE-M (Microbone to Getter NP-10)
-------------------------- open None (Microbone to Getter NP-10) result=[(True, True)]
action=open, ok=True, locked=[False]
close () {'description': 'Microbone to CO2 Laser'}
close name=--- desc=Microbone to CO2 Laser
checking ownership. requestor=129.138.12.150
check software interlocks T
interlocks []
actuate state mode=None-script, software_lock=False
doing actuation None-script close_channel True
Close T ===>> OK
GetIndicatorState T ===>> False
change switch state (True, True)
19:44:01 -- CLOSE  VALVE-T (Microbone to CO2 Laser)
-------------------------- close None (Microbone to CO2 Laser) result=[(True, True)]
action=close, ok=True, locked=[False]
executed snippet estimated_duration=0, duration=5.89273881912
PrepareForAirShot.py completed successfully
gosub finished
doing GOSUB
testing...
no interpolation path defined
executed snippet estimated_duration=32.0, duration=0.0001540184021
Evacuate Pipette 1
open () {'description': 'Microbone to Turbo'}
open name=--- desc=Microbone to Turbo
checking ownership. requestor=129.138.12.150
check software interlocks U
interlocks []
actuate state mode=None-script, software_lock=False
doing actuation None-script open_channel False
Open U ===>> OK
GetIndicatorState U ===>> OK
change switch state (True, True)
19:44:01 -- OPEN   VALVE-U (Microbone to Turbo)
-------------------------- open None (Microbone to Turbo) result=[(True, True)]
State checksums do not match. Local:24026595 Remote:-1311727372
State checksum failed
action=open, ok=True, locked=[False]
open () {'description': 'Microbone to Minibone'}
open name=--- desc=Microbone to Minibone
checking ownership. requestor=129.138.12.150
check software interlocks L
interlocks []
actuate state mode=None-script, software_lock=False
doing actuation None-script open_channel True
Open L ===>> OK
GetIndicatorState L ===>> OK
change switch state (True, True)
19:44:02 -- OPEN   VALVE-L (Microbone to Minibone)
-------------------------- open None (Microbone to Minibone) result=[(True, True)]
action=open, ok=True, locked=[False]
close () {'description': 'Inner Pipette 1'}
close name=--- desc=Inner Pipette 1
checking ownership. requestor=129.138.12.150
check software interlocks X
interlocks ['W']
actuate state mode=None-script, software_lock=False
doing actuation None-script close_channel False
Close X ===>> OK
set states for children of V. state=True
refresh_canvas_needed fired
GetIndicatorState X ===>> False
change switch state (True, True)
19:44:02 -- CLOSE  VALVE-X (Inner Pipette 1)
-------------------------- close None (Inner Pipette 1) result=[(True, True)]
action=close, ok=True, locked=[False]
sleep (1,) {}
SLEEP 1.0
open () {'description': 'Outer Pipette 1'}
open name=--- desc=Outer Pipette 1
checking ownership. requestor=129.138.12.150
check software interlocks W
interlocks ['X']
actuate state mode=None-script, software_lock=False
doing actuation None-script open_channel True
Open W ===>> OK
GetIndicatorState W ===>> OK
change switch state (True, True)
19:44:04 -- OPEN   VALVE-W (Outer Pipette 1)
-------------------------- open None (Outer Pipette 1) result=[(True, True)]
action=open, ok=True, locked=[False]
sleep (15,) {}
SLEEP 15.0
block started
WaitControl setup for 15.0  
Join finished
block finished. duration 15.1068000793
executed snippet estimated_duration=48.0, duration=18.0230431557
EvacPipette1.py completed successfully
gosub finished
doing GOSUB
testing...
no interpolation path defined
executed snippet estimated_duration=34.0, duration=0.000123023986816
Fill Pipette 1
close () {'description': 'Outer Pipette 1'}
close name=--- desc=Outer Pipette 1
checking ownership. requestor=129.138.12.150
check software interlocks W
interlocks ['X']
actuate state mode=None-script, software_lock=False
doing actuation None-script close_channel True
Close W ===>> OK
GetIndicatorState W ===>> False
change switch state (True, True)
19:44:19 -- CLOSE  VALVE-W (Outer Pipette 1)
-------------------------- close None (Outer Pipette 1) result=[(True, True)]
action=close, ok=True, locked=[False]
sleep (1,) {}
SLEEP 1.0
filling cocktail pipette
open () {'description': 'Inner Pipette 1'}
open name=--- desc=Inner Pipette 1
checking ownership. requestor=129.138.12.150
check software interlocks X
interlocks ['W']
actuate state mode=None-script, software_lock=False
doing actuation None-script open_channel True
Open X ===>> OK
GetIndicatorState X ===>> OK
change switch state (True, True)
19:44:21 -- OPEN   VALVE-X (Inner Pipette 1)
-------------------------- open None (Inner Pipette 1) result=[(True, True)]
action=open, ok=True, locked=[False]
sleep (15,) {}
SLEEP 15.0
block started
WaitControl setup for 15.0  
Join finished
block finished. duration 15.0791499615
close () {'description': 'Inner Pipette 1'}
close name=--- desc=Inner Pipette 1
checking ownership. requestor=129.138.12.150
check software interlocks X
interlocks ['W']
actuate state mode=None-script, software_lock=False
doing actuation None-script close_channel True
Close X ===>> OK
GetIndicatorState X ===>> False
change switch state (True, True)
19:44:36 -- CLOSE  VALVE-X (Inner Pipette 1)
-------------------------- close None (Inner Pipette 1) result=[(True, True)]
action=close, ok=True, locked=[False]
sleep (1,) {}
SLEEP 1.0
executed snippet estimated_duration=51.0, duration=18.3022270203
FillPipette1.py completed successfully
gosub finished
doing GOSUB
testing...
no interpolation path defined
executed snippet estimated_duration=4.0, duration=0.000123023986816
Prepare for air expansion
close () {'description': 'Microbone to Turbo'}
close name=--- desc=Microbone to Turbo
checking ownership. requestor=129.138.12.150
check software interlocks U
interlocks []
actuate state mode=None-script, software_lock=False
doing actuation None-script close_channel True
Close U ===>> OK
GetIndicatorState U ===>> False
change switch state (True, True)
19:44:38 -- CLOSE  VALVE-U (Microbone to Turbo)
-------------------------- close None (Microbone to Turbo) result=[(True, True)]
action=close, ok=True, locked=[False]
open () {'description': 'Microbone to Getter NP-10'}
open name=--- desc=Microbone to Getter NP-10
checking ownership. requestor=129.138.12.150
check software interlocks M
interlocks []
actuate state mode=None-script, software_lock=False
doing actuation None-script open_channel False
Open M ===>> OK
GetIndicatorState M ===>> OK
change switch state (True, True)
19:44:38 -- OPEN   VALVE-M (Microbone to Getter NP-10)
-------------------------- open None (Microbone to Getter NP-10) result=[(True, True)]
action=open, ok=True, locked=[False]
sleep (2,) {}
SLEEP 2.0
block started
WaitControl setup for 2.0  
Join finished
block finished. duration 2.02621006966
open () {'description': 'Microbone to Minibone'}
open name=--- desc=Microbone to Minibone
checking ownership. requestor=129.138.12.150
check software interlocks L
interlocks []
actuate state mode=None-script, software_lock=False
doing actuation None-script open_channel False
Open L ===>> OK
GetIndicatorState L ===>> OK
change switch state (True, True)
19:44:41 -- OPEN   VALVE-L (Microbone to Minibone)
-------------------------- open None (Microbone to Minibone) result=[(True, True)]
action=open, ok=True, locked=[False]
executed snippet estimated_duration=6.0, duration=3.47812080383
PrepareForAirShotExpansion.py completed successfully
gosub finished
doing GOSUB
testing...
no interpolation path defined
executed snippet estimated_duration=38.0, duration=0.000175952911377
Expand Pipette 1
close () {'description': 'Minibone to Turbo'}
close name=--- desc=Minibone to Turbo
checking ownership. requestor=129.138.12.150
check software interlocks P
interlocks []
actuate state mode=None-script, software_lock=False
doing actuation None-script close_channel False
Close P ===>> OK
GetIndicatorState P ===>> False
change switch state (True, True)
19:44:41 -- CLOSE  VALVE-P (Minibone to Turbo)
-------------------------- close None (Minibone to Turbo) result=[(True, True)]
action=close, ok=True, locked=[False]
sleep (2,) {}
SLEEP 2.0
block started
WaitControl setup for 2.0  
Join finished
block finished. duration 2.02980303764
open () {'description': 'Outer Pipette 1'}
open name=--- desc=Outer Pipette 1
checking ownership. requestor=129.138.12.150
check software interlocks W
interlocks ['X']
actuate state mode=None-script, software_lock=False
doing actuation None-script open_channel True
Open W ===>> OK
GetIndicatorState W ===>> OK
increment shot count 3036
saved current shot count 3036
change switch state (True, True)
19:44:44 -- OPEN   VALVE-W (Outer Pipette 1)
-------------------------- open None (Outer Pipette 1) result=[(True, True)]
action=open, ok=True, locked=[False]
sleep (15,) {}
SLEEP 15.0
block started
WaitControl setup for 15.0  
Join finished
block finished. duration 15.071860075
sleep (2,) {}
SLEEP 2.0
block started
WaitControl setup for 2.0  
Join finished
block finished. duration 2.03181815147
executed snippet estimated_duration=57.0, duration=20.0027289391
ExpandPipette1.py completed successfully
gosub finished
executed snippet estimated_duration=108.0, duration=65.7390360832
jan_cocktail_x1.py completed successfully
GetAchievedOutput ===>> No Response
Requested Output= 0.000
Achieved Output=  0.000
GetResponseBlob ===>> No Response
GetOutputBlob ===>> No Response
persistence save...
persistence save - db
AutomatedRunPersister post_extraction_save deprecated
persistence save - dvc
no extraction position for 
not connected to db mysql://janexp@129.138.12.160/labspy
Enviromentals: {'lab_humiditys': [{'device': 'EnvironmentalMonitor',
                    'name': 'Lab Hum.',
                    'pub_date': '2017-09-24T19:19:04',
                    'title': 'iServer Hum.',
                    'value': 28.5}],
 'lab_pneumatics': [{'device': 'AirPressure',
                     'name': 'Pressure',
                     'pub_date': '2017-09-24T19:43:21',
                     'title': None,
                     'value': 115.2},
                    {'device': 'AirPressure2',
                     'name': 'Pressure2',
                     'pub_date': '2017-09-24T19:43:22',
                     'title': None,
                     'value': 117.99892}],
 'lab_temperatures': [{'device': 'Coldfinger',
                       'name': 'ColdFinger Temp.',
                       'pub_date': '2017-09-24T14:27:09',
                       'title': None,
                       'value': -194.0},
                      {'device': 'EnvironmentalMonitor',
                       'name': 'Lab Temp.',
                       'pub_date': '2017-09-24T18:37:45',
                       'title': 'iServer Temp.',
                       'value': 73.0},
                      {'device': 'Chiller',
                       'name': 'Coolant Temp.',
                       'pub_date': '2017-09-24T19:35:15',
                       'title': None,
                       'value': 18.0}]}
Extraction Finished
19:45:03 -- ******* Extraction Finished *******
no overlap. not waiting for min ms pumptime
19:45:03 -- Sending spectrometer configuration
======== Sending configuration ========
SetDeflection CDD,50.0 ===>> OK
SetDeflection H2,0.0 ===>> OK
SetDeflection H1,0.0 ===>> OK
SetDeflection L2,825.0 ===>> OK
SetDeflection L1,400.0 ===>> OK
SetDeflection AX,190.0 ===>> OK
SetZFocus 74.64 ===>> OK
SetZSymmetry -50.72 ===>> OK
SetExtractionLens 26.13 ===>> OK
SetIonRepeller -3.81 ===>> OK
SetElectronEnergy 75.08 ===>> OK
SetYSymmetry -2.81 ===>> OK
SetIonCounterVoltage 1590.0 ===>> OK
send trap current 200.0
GetParameter Trap Current Readback ===>> 198.594579747299
SetParameter Trap Current Set,200.0 ===>> OK
updating mftable name mftable
Using mftable located at /Users/jan/PychronDev/setupfiles/spectrometer/mftables/mftable.csv
============ MFtable ===========
Isotope  H2     H1     AX     L1     L2     CDD    
Ar40     6.0557 5.8793 5.9931 6.1942 6.2305 6.6795
Ar39     6.0106 5.7702 6.0572 6.3373 6.1132 6.5660
Ar36     5.6881 5.4393 5.7205 5.9962 5.7682 6.2171
================================
get initial guess parabolic
get initial guess parabolic
get initial guess parabolic
get initial guess parabolic
get initial guess parabolic
get initial guess parabolic
======== Configuration Finished ========
GetYSymmetry ===>> -2.81
GetZSymmetry ===>> -50.72
GetParameter Trap Current Readback ===>> 198.147042666178
GetHighVoltage ===>> 4499.94659342336
start measurement
do measurement
L#=c-02-J analysis type=cocktail
Measurement Started jan_unknown120_60.py
19:45:04 -- ******* Measurement Started jan_unknown120_60.py *******
state changed from extraction to measurement
setting trap, emission, spec, defl, and gains
GetExtractionLens ===>> 26.13
GetYSymmetry ===>> -2.81
GetZSymmetry ===>> -50.72
GetZFocus ===>> 74.64
GetDeflection H2 ===>> 0
GetDeflection H1 ===>> 0
GetDeflection AX ===>> 190
GetDeflection L1 ===>> 400
GetDeflection L2 ===>> 825
GetDeflection CDD ===>> 50
GetGain H2 ===>> 0.0113
GetGain H1 ===>> 0.1
GetGain AX ===>> 0.09645
GetGain L1 ===>> 0.010309
GetGain L2 ===>> 0.091218
GetGain CDD ===>> 0
GetParameter Trap Current Readback ===>> 198.147042666178
GetParameter Source Current Readback ===>> 552.536531770738
pre measurement save
New frame /Users/jan/PychronDev/data/isotopes/bf/9193f2-258a-4558-a2c3-c5438ff09151.h5
flush and close file /Users/jan/PychronDev/data/isotopes/bf/9193f2-258a-4558-a2c3-c5438ff09151.h5
testing...
no interpolation path defined
executed snippet estimated_duration=213.0, duration=0.000172138214111
unknown measurement script
activate_detectors ('H2', 'H1', 'AX', 'L1', 'L2', 'CDD') {}
activate detectors
*************** Set Analysis View Ar/Ar
create graphs
clearing graphs
clear isotope group
setting isotope det=H2, iso=Ar41
setting isotope det=H1, iso=Ar40
setting isotope det=AX, iso=Ar39
setting isotope det=L1, iso=Ar38
setting isotope det=L2, iso=Ar37
setting isotope det=CDD, iso=Ar36
setting previous blanks
 - setting Ar41 blank 0.026+/-0.004
 - setting Ar40 blank 0.701+/-0.010
 - setting Ar36 blank 0.00526+/-0.00019
 - setting Ar37 blank 0.054+/-0.005
 - setting Ar38 blank 0.0149+/-0.0023
 - setting Ar39 blank 0.046+/-0.009
load analysis view
position_magnet ('Ar40',) {'detector': 'H1'}
detector Detector(H1)
POSITION Ar40 H1
molweights={'Ar41': 41.0, 'Ar40': 39.9624, 'Ar42': 42.0, 'Ar35': 35.0, 'Ar36': 35.9675, 'Ar37': 36.9668, 'Ar38': 37.9627, 'Ar39': 38.964}
setting detector H2 to Ar41 (40.9624)
setting detector H1 to Ar40 (39.9624)
setting detector AX to Ar39 (38.9624)
setting detector L1 to Ar38 (37.9624)
setting detector L2 to Ar37 (36.9624)
setting detector CDD to Ar36 (35.9624)
Mapping mass to dac mass func: "parabolic"
H1 map mass coeffs = [ -3.11428344e-04   1.33794662e-01   1.02987323e+00]
H1 map mass to dac 39.9624 >> 5.87928
GetDeflection H1 ===>> 0
GetHighVoltage ===>> 4499.94659342336
positioning Ar40 (5.87924537747) on H1
setting magnet DAC
current  : 5.879246
requested: 5.879245
Delta Dac: 0.000001
Checking detector protection. dv=0.00000
Checking detector "CDD". Protection Threshold: 0.5 (V)
SetMagnetDAC 5.87924537747 ===>> OK
Magnet settling time: 0.500 0.500
Magnet settling complete
set_dac. change=True
equilibrate () {'delay': 3, 'inlet': 'R', 'outlet': 'O', 'eqtime': 15.0}
Equilibration Started
19:45:05 -- ******* Equilibration Started *******
checking ownership. requestor=129.138.12.150
check software interlocks O
interlocks []
actuate state mode=None-script, software_lock=False
doing actuation None-script close_channel True
Close O ===>> OK
update labels <pychron.experiment.plot_panel.PlotPanel object at 0x15b54f8f0>
update labels "<pychron.graph.stacked_regression_graph.StackedRegressionGraph object at 0x1442678f0>"
setting label 0 H2 Ar41
setting label 1 H1 Ar40
setting label 2 AX Ar39
setting label 3 L1 Ar38
setting label 4 L2 Ar37
setting label 5 CDD Ar36
update labels "<pychron.graph.stacked_graph.StackedGraph object at 0x153b1fb30>"
setting label 0 H2 Ar41
setting label 1 H1 Ar40
setting label 2 AX Ar39
setting label 3 L1 Ar38
setting label 4 L2 Ar37
setting label 5 CDD Ar36
GetIndicatorState O ===>> False
change switch state (True, True)
19:45:05 -- CLOSE  VALVE-O (Jan Ion Pump)
waiting 3s before opening inlet value ('R',)
checking ownership. requestor=129.138.12.150
check software interlocks R
interlocks []
actuate state mode=None-script, software_lock=False
doing actuation None-script open_channel True
Open R ===>> OK
GetIndicatorState R ===>> OK
change switch state (True, True)
19:45:08 -- OPEN   VALVE-R (Jan Inlet)
equilibrating for 15.0sec
set_time_zero () {}
sniff (15.0,) {}
py_sniff
build tables- sniff [Detector(H2), Detector(H1), Detector(AX), Detector(L1), Detector(L2), Detector(CDD)]
add group /sniff/Ar41 (Group) '' table H2
add group /sniff/Ar40 (Group) '' table H1
add group /sniff/Ar39 (Group) '' table AX
add group /sniff/Ar38 (Group) '' table L1
add group /sniff/Ar37 (Group) '' table L2
add group /sniff/Ar36 (Group) '' table CDD
flush and close file /Users/jan/PychronDev/data/isotopes/bf/9193f2-258a-4558-a2c3-c5438ff09151.h5
measuring sniff. ncounts=15.0
"sniff" increment series count="1" fit count="0" regressing="False"
starting measurement
Equilibration Finished
19:45:23 -- ******* Equilibration Finished *******
checking ownership. requestor=129.138.12.150
check software interlocks R
interlocks []
actuate state mode=None-script, software_lock=False
doing actuation None-script close_channel True
Close R ===>> OK
set states for children of R. state=False
refresh_canvas_needed fired
GetIndicatorState R ===>> False
change switch state (True, True)
19:45:24 -- CLOSE  VALVE-R (Jan Inlet)
Post Equilibration Started jan_pump_extraction_line.py
19:45:24 -- ******* Post Equilibration Started jan_pump_extraction_line.py *******
testing...
no interpolation path defined
calculate duration
testing...
no interpolation path defined
executed snippet estimated_duration=4.0, duration=0.000229120254517
executed snippet estimated_duration=4.0, duration=0.0170629024506
Pump after analysis
doing GOSUB
testing...
no interpolation path defined
executed snippet estimated_duration=4.0, duration=0.000132083892822
Pump Microbone
close () {'description': 'Jan Inlet'}
close name=--- desc=Jan Inlet
checking ownership. requestor=129.138.12.150
check software interlocks R
interlocks []
actuate state mode=None-script, software_lock=False
doing actuation None-script close_channel False
Close R ===>> OK
waiting for write to finish
measurement finished
estimated time: 15.729 actual time: :15.863
flush and close file /Users/jan/PychronDev/data/isotopes/bf/9193f2-258a-4558-a2c3-c5438ff09151.h5
set_fits () {}
using default fits file=/Users/jan/PychronDev/scripts/measurement/fits/nominal_linear.yaml
set "Ar41" to "('Average', 'SEM')"
set "Ar40" to "('Linear', 'SEM')"
set "Ar36" to "('Linear', 'SEM')"
set "Ar37" to "('linear', 'SEM')"
set "Ar38" to "('linear', 'SEM')"
set "Ar39" to "('Linear', 'SEM')"
set_baseline_fits () {}
using default fits file=/Users/jan/PychronDev/scripts/measurement/fits/nominal_linear.yaml
GetIndicatorState R ===>> False
change switch state (True, True)
set "H2" to "('average', 'SEM')"
set "H1" to "('average', 'SEM')"
set "CDD" to "('average', 'SEM')"
set "L2" to "('average', 'SEM')"
19:45:25 -- CLOSE  VALVE-R (Jan Inlet)
set "L1" to "('average', 'SEM')"
-------------------------- close None (Jan Inlet) result=[(True, True)]
set "AX" to "('average', 'SEM')"
multicollect () {'integration_time': 1, 'ncounts': 120}
build tables- signal [Detector(H2), Detector(H1), Detector(AX), Detector(L1), Detector(L2), Detector(CDD)]
add group /signal/Ar41 (Group) '' table H2
add group /signal/Ar40 (Group) '' table H1
add group /signal/Ar39 (Group) '' table AX
add group /signal/Ar38 (Group) '' table L1
add group /signal/Ar37 (Group) '' table L2
add group /signal/Ar36 (Group) '' table CDD
flush and close file /Users/jan/PychronDev/data/isotopes/bf/9193f2-258a-4558-a2c3-c5438ff09151.h5
measuring signal. ncounts=120
"signal" increment series count="2" fit count="1" regressing="True"
action=close, ok=True, locked=[False]
is_closed ('F',) {}
is F () closed?
is closed True
open () {'description': 'CO2 Laser to Jan'}
open name=--- desc=CO2 Laser to Jan
checking ownership. requestor=129.138.12.150
check software interlocks A
interlocks []
actuate state mode=None-script, software_lock=False
doing actuation None-script open_channel False
Open A ===>> OK
GetIndicatorState A ===>> OK
change switch state (True, True)
19:45:25 -- OPEN   VALVE-A (CO2 Laser to Jan)
-------------------------- open None (CO2 Laser to Jan) result=[(True, True)]
starting measurement
action=open, ok=True, locked=[False]
sleep (1,) {}
SLEEP 1.0
close () {'description': 'CO2 Laser to Roughing'}
close name=--- desc=CO2 Laser to Roughing
checking ownership. requestor=129.138.12.150
check software interlocks G
interlocks []
actuate state mode=None-script, software_lock=True
VALVE-G(CO2 Laser to Roughing) software locked
change switch state (True, False)
-------------------------- close None (CO2 Laser to Roughing) result=[(True, False)]
action=close, ok=True, locked=[True]
open () {'description': 'Microbone to Turbo'}
open name=--- desc=Microbone to Turbo
checking ownership. requestor=129.138.12.150
check software interlocks U
interlocks []
actuate state mode=None-script, software_lock=False
doing actuation None-script open_channel True
Open U ===>> OK
GetIndicatorState U ===>> OK
change switch state (True, True)
19:45:27 -- OPEN   VALVE-U (Microbone to Turbo)
-------------------------- open None (Microbone to Turbo) result=[(True, True)]
action=open, ok=True, locked=[False]
open () {'description': 'Microbone to Getter NP-10'}
open name=--- desc=Microbone to Getter NP-10
checking ownership. requestor=129.138.12.150
check software interlocks M
interlocks []
actuate state mode=None-script, software_lock=False
doing actuation None-script open_channel False
Open M ===>> OK
GetIndicatorState M ===>> OK
change switch state (True, True)
19:45:27 -- OPEN   VALVE-M (Microbone to Getter NP-10)
-------------------------- open None (Microbone to Getter NP-10) result=[(True, True)]
action=open, ok=True, locked=[False]
open () {'description': 'Microbone to Getter D-50'}
open name=--- desc=Microbone to Getter D-50
checking ownership. requestor=129.138.12.150
check software interlocks K
interlocks []
actuate state mode=None-script, software_lock=False
doing actuation None-script open_channel False
Open K ===>> OK
GetIndicatorState K ===>> OK
change switch state (True, True)
19:45:28 -- OPEN   VALVE-K (Microbone to Getter D-50)
-------------------------- open None (Microbone to Getter D-50) result=[(True, True)]
action=open, ok=True, locked=[False]
open () {'description': 'Microbone to CO2 Laser'}
open name=--- desc=Microbone to CO2 Laser
checking ownership. requestor=129.138.12.150
check software interlocks T
interlocks []
actuate state mode=None-script, software_lock=False
doing actuation None-script open_channel True
Open T ===>> OK
GetIndicatorState T ===>> OK
change switch state (True, True)
19:45:28 -- OPEN   VALVE-T (Microbone to CO2 Laser)
-------------------------- open None (Microbone to CO2 Laser) result=[(True, True)]
action=open, ok=True, locked=[False]
open () {'description': 'Microbone to Inlet Pipette'}
open name=--- desc=Microbone to Inlet Pipette
checking ownership. requestor=129.138.12.150
check software interlocks S
interlocks []
actuate state mode=None-script, software_lock=False
doing actuation None-script open_channel False
Open S ===>> OK
GetIndicatorState S ===>> OK
change switch state (True, True)
19:45:29 -- OPEN   VALVE-S (Microbone to Inlet Pipette)
-------------------------- open None (Microbone to Inlet Pipette) result=[(True, True)]
action=open, ok=True, locked=[False]
sleep (1,) {}
SLEEP 1.0
testing H1<-5.0
evaluate ot="H1.bs<-5.0" t="H1<-5.0", ctx="{'H1': 0.08489083952826262}"
set_resource () {'name': 'CO2PumpTimeFlag', 'value': 30}
Set CO2PumpTimeFlag 30 ===>> OK
release ('JanCO2Flag',) {}
release JanCO2Flag
Set JanCO2Flag 0 ===>> OK
executed snippet estimated_duration=6.0, duration=6.12023901939
PumpMicrobone.py completed successfully
gosub finished
get_resource_value () {'name': 'JanMiniboneFlag'}
Read JanMiniboneFlag ===>> 1
Get Resource Value JanMiniboneFlag=1.0
get resource value 1.0
get_resource_value () {'name': 'JanMiniboneFlag'}
Read JanMiniboneFlag ===>> 1
Get Resource Value JanMiniboneFlag=1.0
doing GOSUB
testing...
no interpolation path defined
executed snippet estimated_duration=0, duration=4.00543212891e-05
Entering Pump minibone script
get_resource_value () {'name': 'JanMiniboneFlag'}
Read JanMiniboneFlag ===>> 1
Get Resource Value JanMiniboneFlag=1.0
get resource value 1.0
get_resource_value () {'name': 'JanMiniboneFlag'}
Read JanMiniboneFlag ===>> 1
Get Resource Value JanMiniboneFlag=1.0
Pump minibone
close () {'description': 'Bone to Minibone'}
close name=--- desc=Bone to Minibone
checking ownership. requestor=129.138.12.150
check software interlocks E
interlocks []
actuate state mode=None-script, software_lock=False
doing actuation None-script close_channel False
Close E ===>> OK
GetIndicatorState E ===>> False
change switch state (True, True)
19:45:31 -- CLOSE  VALVE-E (Bone to Minibone)
-------------------------- close None (Bone to Minibone) result=[(True, True)]
action=close, ok=True, locked=[False]
open () {'description': 'Minibone to Bone'}
open name=--- desc=Minibone to Bone
checking ownership. requestor=129.138.12.150
check software interlocks I
interlocks []
actuate state mode=None-script, software_lock=False
doing actuation None-script open_channel True
Open I ===>> OK
GetIndicatorState I ===>> OK
change switch state (True, True)
19:45:31 -- OPEN   VALVE-I (Minibone to Bone)
-------------------------- open None (Minibone to Bone) result=[(True, True)]
action=open, ok=True, locked=[False]
close () {'description': 'Microbone to Minibone'}
close name=--- desc=Microbone to Minibone
checking ownership. requestor=129.138.12.150
check software interlocks L
interlocks []
actuate state mode=None-script, software_lock=False
doing actuation None-script close_channel True
Close L ===>> OK
GetIndicatorState L ===>> False
change switch state (True, True)
19:45:32 -- CLOSE  VALVE-L (Microbone to Minibone)
-------------------------- close None (Microbone to Minibone) result=[(True, True)]
action=close, ok=True, locked=[False]
sleep () {'duration': 1.0}
SLEEP 1.0
open () {'description': 'Minibone to Turbo'}
open name=--- desc=Minibone to Turbo
checking ownership. requestor=129.138.12.150
check software interlocks P
interlocks []
actuate state mode=None-script, software_lock=False
doing actuation None-script open_channel True
Open P ===>> OK
GetIndicatorState P ===>> OK
change switch state (True, True)
19:45:34 -- OPEN   VALVE-P (Minibone to Turbo)
-------------------------- open None (Minibone to Turbo) result=[(True, True)]
action=open, ok=True, locked=[False]
open () {'description': 'Quad Inlet'}
open name=--- desc=Quad Inlet
checking ownership. requestor=129.138.12.150
check software interlocks Q
interlocks []
actuate state mode=None-script, software_lock=False
doing actuation None-script open_channel True
Open Q ===>> OK
GetIndicatorState Q ===>> OK
change switch state (True, True)
19:45:34 -- OPEN   VALVE-Q (Quad Inlet)
-------------------------- open None (Quad Inlet) result=[(True, True)]
action=open, ok=True, locked=[False]
set_resource () {'name': 'MinibonePumpTimeFlag', 'value': 30}
Set MinibonePumpTimeFlag 30 ===>> OK
sleep () {'duration': 15.0}
SLEEP 15.0
block started
WaitControl setup for 15.0  
testing H1<-5.0
evaluate ot="H1.bs<-5.0" t="H1<-5.0", ctx="{'H1': 0.08489083952826262}"
testing H1<-5.0
evaluate ot="H1.bs<-5.0" t="H1<-5.0", ctx="{'H1': 0.08489083952826262}"
testing H1<-5.0
evaluate ot="H1.bs<-5.0" t="H1<-5.0", ctx="{'H1': 0.08489083952826262}"
Join finished
block finished. duration 15.0758171082
close () {'description': 'Outer Pipette 1'}
close name=--- desc=Outer Pipette 1
checking ownership. requestor=129.138.12.150
check software interlocks W
interlocks ['X']
actuate state mode=None-script, software_lock=False
doing actuation None-script close_channel True
Close W ===>> OK
GetIndicatorState W ===>> False
change switch state (True, True)
19:45:50 -- CLOSE  VALVE-W (Outer Pipette 1)
-------------------------- close None (Outer Pipette 1) result=[(True, True)]
action=close, ok=True, locked=[False]
close () {'description': 'Outer Pipette 2'}
close name=--- desc=Outer Pipette 2
checking ownership. requestor=129.138.12.150
check software interlocks Y
interlocks ['Z']
actuate state mode=None-script, software_lock=False
doing actuation None-script close_channel False
Close Y ===>> OK
GetIndicatorState Y ===>> False
change switch state (True, True)
19:45:50 -- CLOSE  VALVE-Y (Outer Pipette 2)
-------------------------- close None (Outer Pipette 2) result=[(True, True)]
action=close, ok=True, locked=[False]
release ('JanMiniboneFlag',) {}
release JanMiniboneFlag
Set JanMiniboneFlag 0 ===>> OK
executed snippet estimated_duration=16.0, duration=20.0139660835
PumpMinibone.py completed successfully
gosub finished
executed snippet estimated_duration=4.0, duration=26.1477060318
jan_pump_extraction_line.py completed successfully
Post Equilibration Finished
19:45:50 -- ******* Post Equilibration Finished *******
testing H1<-5.0
evaluate ot="H1.bs<-5.0" t="H1<-5.0", ctx="{'H1': 0.08489083952826262}"
19:45:51 -- collecting point 25
testing H1<-5.0
evaluate ot="H1.bs<-5.0" t="H1<-5.0", ctx="{'H1': 0.08489083952826262}"
testing H1<-5.0
evaluate ot="H1.bs<-5.0" t="H1<-5.0", ctx="{'H1': 0.08489083952826262}"
testing H1<-5.0
evaluate ot="H1.bs<-5.0" t="H1<-5.0", ctx="{'H1': 0.08489083952826262}"
set states for children of E. state=True
set states for children of Q. state=False
refresh_canvas_needed fired
State checksums do not match. Local:1814532534 Remote:611344307
State checksum failed
testing H1<-5.0
evaluate ot="H1.bs<-5.0" t="H1<-5.0", ctx="{'H1': 0.08489083952826262}"
set states for children of B. state=False
set states for children of D. state=False
set states for children of Y. state=True
refresh_canvas_needed fired
testing H1<-5.0
evaluate ot="H1.bs<-5.0" t="H1<-5.0", ctx="{'H1': 0.08489083952826262}"
19:46:17 -- collecting point 50
testing H1<-5.0
evaluate ot="H1.bs<-5.0" t="H1<-5.0", ctx="{'H1': 0.08489083952826262}"
testing H1<-5.0
evaluate ot="H1.bs<-5.0" t="H1<-5.0", ctx="{'H1': 0.08489083952826262}"
set states for children of Y. state=False
refresh_canvas_needed fired
State checksums do not match. Local:611344307 Remote:378530779
State checksum failed
set states for children of Z. state=True
refresh_canvas_needed fired
testing H1<-5.0
evaluate ot="H1.bs<-5.0" t="H1<-5.0", ctx="{'H1': 0.08489083952826262}"
testing H1<-5.0
evaluate ot="H1.bs<-5.0" t="H1<-5.0", ctx="{'H1': 0.08489083952826262}"
testing H1<-5.0
evaluate ot="H1.bs<-5.0" t="H1<-5.0", ctx="{'H1': 0.08489083952826262}"
19:46:43 -- collecting point 75
set states for children of Z. state=False
refresh_canvas_needed fired
State checksums do not match. Local:611344307 Remote:-1725866079
State checksum failed
testing H1<-5.0
evaluate ot="H1.bs<-5.0" t="H1<-5.0", ctx="{'H1': 0.08489083952826262}"
testing Ar36<0.001
evaluate ot="Ar36.bs_corrected<0.001" t="Ar36<0.001", ctx="{'Ar36': 0.24866915509916182}"
set states for children of C. state=False
set states for children of P. state=False
refresh_canvas_needed fired
set states for children of Y. state=True
refresh_canvas_needed fired
testing H1<-5.0
evaluate ot="H1.bs<-5.0" t="H1<-5.0", ctx="{'H1': 0.08489083952826262}"
testing Ar36<0.001
evaluate ot="Ar36.bs_corrected<0.001" t="Ar36<0.001", ctx="{'Ar36': 0.24737581108956797}"
testing H1<-5.0
evaluate ot="H1.bs<-5.0" t="H1<-5.0", ctx="{'H1': 0.08489083952826262}"
testing Ar36<0.001
evaluate ot="Ar36.bs_corrected<0.001" t="Ar36<0.001", ctx="{'Ar36': 0.24601728779680532}"
testing H1<-5.0
evaluate ot="H1.bs<-5.0" t="H1<-5.0", ctx="{'H1': 0.08489083952826262}"
testing Ar36<0.001
evaluate ot="Ar36.bs_corrected<0.001" t="Ar36<0.001", ctx="{'Ar36': 0.24575361822229358}"
set states for children of Y. state=False
refresh_canvas_needed fired
testing H1<-5.0
evaluate ot="H1.bs<-5.0" t="H1<-5.0", ctx="{'H1': 0.08489083952826262}"
testing Ar36<0.001
evaluate ot="Ar36.bs_corrected<0.001" t="Ar36<0.001", ctx="{'Ar36': 0.24625645714166441}"
19:47:09 -- collecting point 100
State checksums do not match. Local:610848153 Remote:236831195
State checksum failed
set states for children of Z. state=True
refresh_canvas_needed fired
testing H1<-5.0
evaluate ot="H1.bs<-5.0" t="H1<-5.0", ctx="{'H1': 0.08489083952826262}"
testing Ar36<0.001
evaluate ot="Ar36.bs_corrected<0.001" t="Ar36<0.001", ctx="{'Ar36': 0.24585897295747766}"
testing H1<-5.0
evaluate ot="H1.bs<-5.0" t="H1<-5.0", ctx="{'H1': 0.08489083952826262}"
testing Ar36<0.001
evaluate ot="Ar36.bs_corrected<0.001" t="Ar36<0.001", ctx="{'Ar36': 0.24607479723800532}"
testing H1<-5.0
evaluate ot="H1.bs<-5.0" t="H1<-5.0", ctx="{'H1': 0.08489083952826262}"
testing Ar36<0.001
evaluate ot="Ar36.bs_corrected<0.001" t="Ar36<0.001", ctx="{'Ar36': 0.24568187432972044}"
set states for children of Z. state=False
refresh_canvas_needed fired
set states for children of Y. state=True
refresh_canvas_needed fired
testing H1<-5.0
evaluate ot="H1.bs<-5.0" t="H1<-5.0", ctx="{'H1': 0.08489083952826262}"
testing Ar36<0.001
evaluate ot="Ar36.bs_corrected<0.001" t="Ar36<0.001", ctx="{'Ar36': 0.2456184438184167}"
waiting for write to finish
measurement finished
estimated time: 125.829 actual time: :126.314
flush and close file /Users/jan/PychronDev/data/isotopes/bf/9193f2-258a-4558-a2c3-c5438ff09151.h5
baselines () {'settling_time': 15.0, 'detector': 'H1', 'mass': 34.2, 'ncounts': 60}
%%%%%%%%%%%%%%%%%%%%%%%%%%%%%%%% Baseline
build tables- baseline [Detector(H2), Detector(H1), Detector(AX), Detector(L1), Detector(L2), Detector(CDD)]
add group baseline table H2
add group baseline table H1
add group baseline table AX
add group baseline table L1
add group baseline table L2
add group baseline table CDD
flush and close file /Users/jan/PychronDev/data/isotopes/bf/9193f2-258a-4558-a2c3-c5438ff09151.h5
detector Detector(H1)
POSITION 34.2 H1
Mapping mass to dac mass func: "parabolic"
H1 map mass coeffs = [ -3.11428344e-04   1.33794662e-01   1.02987323e+00]
H1 map mass to dac 34.2 >> 5.24139160773
GetDeflection H1 ===>> 0
GetHighVoltage ===>> 4499.94659342336
positioning 34.2 (5.24136074166) on H1
setting magnet DAC
current  : 5.879245
requested: 5.241361
Delta Dac: 0.637885
Checking detector protection. dv=0.63788
Checking detector "CDD". Protection Threshold: 0.5 (V)
ProtectDetector CDD,On ===>> OK
GetDeflection CDD ===>> 2000
Protected = 2000
SetMagnetDAC 5.24136074166 ===>> OK
Magnet settling time: 0.500 0.500
Magnet settling complete
Wait for magnet to stop moving
GetMagnetMoving ===>> True
GetMagnetMoving ===>> True
GetMagnetMoving ===>> True
GetMagnetMoving ===>> True
GetMagnetMoving ===>> True
GetMagnetMoving ===>> True
GetMagnetMoving ===>> True
GetMagnetMoving ===>> True
GetMagnetMoving ===>> True
GetMagnetMoving ===>> False
Magnet move complete
Unprotect detectors
ProtectDetector CDD,Off ===>> OK
GetDeflection CDD ===>> 50
set_dac. change=True
Delaying 15.0s for detectors to settle
State checksums do not match. Local:268272333 Remote:610848153
State checksum failed
set states for children of Y. state=False
set states for children of Z. state=True
refresh_canvas_needed fired
Join finished
measuring baseline. ncounts=60
"baseline" increment series count="2" fit count="1" regressing="True"
starting measurement
testing H1<-5.0
evaluate ot="H1.bs<-5.0" t="H1<-5.0", ctx="{'H1': 0.053057267835943306}"
testing H1<-5.0
evaluate ot="H1.bs<-5.0" t="H1<-5.0", ctx="{'H1': 0.05718713260487099}"
State checksums do not match. Local:236831195 Remote:610848153
State checksum failed
set states for children of Z. state=False
refresh_canvas_needed fired
testing H1<-5.0
evaluate ot="H1.bs<-5.0" t="H1<-5.0", ctx="{'H1': 0.06868148028712505}"
set states for children of Y. state=True
refresh_canvas_needed fired
testing H1<-5.0
evaluate ot="H1.bs<-5.0" t="H1<-5.0", ctx="{'H1': 0.0868635034855535}"
testing H1<-5.0
evaluate ot="H1.bs<-5.0" t="H1<-5.0", ctx="{'H1': 0.10024811559165019}"
19:48:15 -- collecting point 25
testing H1<-5.0
evaluate ot="H1.bs<-5.0" t="H1<-5.0", ctx="{'H1': 0.10132492067128637}"
State checksums do not match. Local:268272333 Remote:610848153
State checksum failed
set states for children of Y. state=False
refresh_canvas_needed fired
testing H1<-5.0
evaluate ot="H1.bs<-5.0" t="H1<-5.0", ctx="{'H1': 0.10398357706419288}"
State checksums do not match. Local:610848153 Remote:855128171
State checksum failed
set states for children of H. state=True
set states for children of V. state=False
refresh_canvas_needed fired
testing H1<-5.0
evaluate ot="H1.bs<-5.0" t="H1<-5.0", ctx="{'H1': 0.11046672804838965}"
testing H1<-5.0
evaluate ot="H1.bs<-5.0" t="H1<-5.0", ctx="{'H1': 0.10907062096547002}"
testing H1<-5.0
evaluate ot="H1.bs<-5.0" t="H1<-5.0", ctx="{'H1': 0.10800929632695855}"
19:48:42 -- collecting point 50
State checksums do not match. Local:1447832503 Remote:855128171
State checksum failed
testing H1<-5.0
evaluate ot="H1.bs<-5.0" t="H1<-5.0", ctx="{'H1': 0.10794556234067226}"
set states for children of C. state=True
set states for children of H. state=False
refresh_canvas_needed fired
State checksums do not match. Local:1242363369 Remote:1269278284
State checksum failed
set states for children of B. state=True
set states for children of D. state=True
refresh_canvas_needed fired
testing H1<-5.0
evaluate ot="H1.bs<-5.0" t="H1<-5.0", ctx="{'H1': 0.11095736095851627}"
waiting for write to finish
measurement finished
estimated time: 62.915 actual time: :63.134
flush and close file /Users/jan/PychronDev/data/isotopes/bf/9193f2-258a-4558-a2c3-c5438ff09151.h5
activate_detectors ('H1', 'AX', 'CDD') {'peak_center': True}
peak_center () {'detector': 'H1', 'integration_time': 0.262144, 'isotope': 'Ar40'}
peak center: mean=1076.23012085 threshold=5.0
peak center started
setup peak center. detector=['H1', 'AX', 'CDD'], isotope=Ar40
VersionedUnpickler [<apptools.sweet_pickle.versioned_unpickler.VersionedUnpickler object at 0x159692d10>] using Updater [<apptools.sweet_pickle.updater.Updater object at 0x1338fabf0>]
VersionedUnpickler [<apptools.sweet_pickle.versioned_unpickler.VersionedUnpickler object at 0x159692d10>] using Updater [<apptools.sweet_pickle.updater.Updater object at 0x1338fabf0>]
VersionedUnpickler [<apptools.sweet_pickle.versioned_unpickler.VersionedUnpickler object at 0x1467b9170>] using Updater [<apptools.sweet_pickle.updater.Updater object at 0x1338fabf0>]
Mapping mass to dac mass func: "parabolic"
H1 map mass coeffs = [ -3.11428344e-04   1.33794662e-01   1.02987323e+00]
H1 map mass to dac 39.9624 >> 5.87928
GetDeflection H1 ===>> 0
GetHighVoltage ===>> 4499.94659342336
do peak center. <pychron.spectrometer.jobs.peak_center.PeakCenter object at 0x1338fafb0>
doing pc
starting peak center. center dac= 5.87924537747 step_width=0.001
width = 0.001
get scan parameters. half-width=0.015,window=0.015, i=0, scalar=1
Scan parameters center=5.87925 width=0.03000 (5.86425 - 5.89425)
Moving to starting dac 5.86424537747
setting magnet DAC
current  : 5.241361
requested: 5.864245
Delta Dac: 0.622885
Checking detector protection. dv=0.62288
Checking detector "CDD". Protection Threshold: 0.5 (V)
ProtectDetector CDD,On ===>> OK
GetDeflection CDD ===>> 2000
Protected = 2000
SetMagnetDAC 5.86424537747 ===>> OK
Magnet settling time: 0.500 0.500
Magnet settling complete
Wait for magnet to stop moving
GetMagnetMoving ===>> True
GetMagnetMoving ===>> True
GetMagnetMoving ===>> True
GetMagnetMoving ===>> True
GetMagnetMoving ===>> True
GetMagnetMoving ===>> True
set states for children of I. state=False
set states for children of Q. state=True
set states for children of P. state=True
refresh_canvas_needed fired
GetMagnetMoving ===>> True
GetMagnetMoving ===>> True
GetMagnetMoving ===>> True
GetMagnetMoving ===>> True
GetMagnetMoving ===>> True
GetMagnetMoving ===>> True
GetMagnetMoving ===>> True
GetMagnetMoving ===>> True
GetMagnetMoving ===>> True
GetMagnetMoving ===>> True
GetMagnetMoving ===>> True
GetMagnetMoving ===>> True
GetMagnetMoving ===>> False
Magnet move complete
Unprotect detectors
ProtectDetector CDD,Off ===>> OK
GetDeflection CDD ===>> 50
set_dac. change=True
Wait until signal near baseline. tol= 0.0877925560014. timeout= 10
Peak center failed to move to a baseline position
_do_sweep sm= 5.86424537747, em= 5.89424537747, stm= 0.001
calculated step values: start=5.86424537747, end=5.89424537747, width=0.001, nsteps=31.0
setting magnet DAC
current  : 5.864245
requested: 5.864245
Delta Dac: 0.000000
Checking detector protection. dv=0.00000
Checking detector "CDD". Protection Threshold: 0.5 (V)
SetMagnetDAC 5.86424537747 ===>> OK
set_dac. change=False
setting magnet DAC
current  : 5.864245
requested: 5.865280
Delta Dac: 0.001034
Checking detector protection. dv=0.00103
Checking detector "CDD". Protection Threshold: 0.5 (V)
SetMagnetDAC 5.86527986023 ===>> OK
Magnet settling time: 2.097 0.500
Magnet settling complete
set_dac. change=True
setting magnet DAC
current  : 5.865280
requested: 5.866314
Delta Dac: 0.001034
Checking detector protection. dv=0.00103
Checking detector "CDD". Protection Threshold: 0.5 (V)
SetMagnetDAC 5.86631434299 ===>> OK
Magnet settling time: 2.097 0.500
Magnet settling complete
set_dac. change=True
setting magnet DAC
current  : 5.866314
requested: 5.867349
Delta Dac: 0.001034
Checking detector protection. dv=0.00103
Checking detector "CDD". Protection Threshold: 0.5 (V)
SetMagnetDAC 5.86734882575 ===>> OK
Magnet settling time: 2.097 0.500
Magnet settling complete
set_dac. change=True
setting magnet DAC
current  : 5.867349
requested: 5.868383
Delta Dac: 0.001034
Checking detector protection. dv=0.00103
Checking detector "CDD". Protection Threshold: 0.5 (V)
SetMagnetDAC 5.86838330851 ===>> OK
Magnet settling time: 2.097 0.500
Magnet settling complete
set_dac. change=True
setting magnet DAC
current  : 5.868383
requested: 5.869418
Delta Dac: 0.001034
Checking detector protection. dv=0.00103
Checking detector "CDD". Protection Threshold: 0.5 (V)
SetMagnetDAC 5.86941779126 ===>> OK
Magnet settling time: 2.097 0.500
Magnet settling complete
set_dac. change=True
setting magnet DAC
current  : 5.869418
requested: 5.870452
Delta Dac: 0.001034
Checking detector protection. dv=0.00103
Checking detector "CDD". Protection Threshold: 0.5 (V)
SetMagnetDAC 5.87045227402 ===>> OK
Magnet settling time: 2.097 0.500
Magnet settling complete
set_dac. change=True
setting magnet DAC
current  : 5.870452
requested: 5.871487
Delta Dac: 0.001034
Checking detector protection. dv=0.00103
Checking detector "CDD". Protection Threshold: 0.5 (V)
SetMagnetDAC 5.87148675678 ===>> OK
Magnet settling time: 2.097 0.500
Magnet settling complete
set_dac. change=True
setting magnet DAC
current  : 5.871487
requested: 5.872521
Delta Dac: 0.001034
Checking detector protection. dv=0.00103
Checking detector "CDD". Protection Threshold: 0.5 (V)
SetMagnetDAC 5.87252123954 ===>> OK
Magnet settling time: 2.097 0.500
Magnet settling complete
set_dac. change=True
setting magnet DAC
current  : 5.872521
requested: 5.873556
Delta Dac: 0.001034
Checking detector protection. dv=0.00103
Checking detector "CDD". Protection Threshold: 0.5 (V)
SetMagnetDAC 5.8735557223 ===>> OK
Magnet settling time: 2.097 0.500
Magnet settling complete
set_dac. change=True
setting magnet DAC
current  : 5.873556
requested: 5.874590
Delta Dac: 0.001034
Checking detector protection. dv=0.00103
Checking detector "CDD". Protection Threshold: 0.5 (V)
SetMagnetDAC 5.87459020506 ===>> OK
Magnet settling time: 2.097 0.500
Magnet settling complete
set_dac. change=True
setting magnet DAC
current  : 5.874590
requested: 5.875625
Delta Dac: 0.001034
Checking detector protection. dv=0.00103
Checking detector "CDD". Protection Threshold: 0.5 (V)
SetMagnetDAC 5.87562468782 ===>> OK
Magnet settling time: 2.097 0.500
Magnet settling complete
set_dac. change=True
setting magnet DAC
current  : 5.875625
requested: 5.876659
Delta Dac: 0.001034
Checking detector protection. dv=0.00103
Checking detector "CDD". Protection Threshold: 0.5 (V)
SetMagnetDAC 5.87665917057 ===>> OK
Magnet settling time: 2.097 0.500
Magnet settling complete
set_dac. change=True
setting magnet DAC
current  : 5.876659
requested: 5.877694
Delta Dac: 0.001034
Checking detector protection. dv=0.00103
Checking detector "CDD". Protection Threshold: 0.5 (V)
SetMagnetDAC 5.87769365333 ===>> OK
Magnet settling time: 2.097 0.500
Magnet settling complete
set_dac. change=True
setting magnet DAC
current  : 5.877694
requested: 5.878728
Delta Dac: 0.001034
Checking detector protection. dv=0.00103
Checking detector "CDD". Protection Threshold: 0.5 (V)
SetMagnetDAC 5.87872813609 ===>> OK
Magnet settling time: 2.097 0.500
Magnet settling complete
set_dac. change=True
setting magnet DAC
current  : 5.878728
requested: 5.879763
Delta Dac: 0.001034
Checking detector protection. dv=0.00103
Checking detector "CDD". Protection Threshold: 0.5 (V)
ask. get packet. error: timed out address: UDP://129.138.12.152:1069
doing retry 0
ask. get packet. error: timed out address: UDP://129.138.12.152:1069
doing retry 1
ask. get packet. error: timed out address: UDP://129.138.12.152:1069
doing retry 2
SetMagnetDAC 5.87976261885 ===>> ERROR: Connection refused: UDP://129.138.12.152:1069, timeout=None
Magnet settling time: 2.097 0.500
Magnet settling complete
set_dac. change=True
setting magnet DAC
current  : 5.879763
requested: 5.880797
Delta Dac: 0.001034
Checking detector protection. dv=0.00103
Checking detector "CDD". Protection Threshold: 0.5 (V)
SetMagnetDAC 5.88079710161 ===>> OK
Magnet settling time: 2.097 0.500
Magnet settling complete
set_dac. change=True
setting magnet DAC
current  : 5.880797
requested: 5.881832
Delta Dac: 0.001034
Checking detector protection. dv=0.00103
Checking detector "CDD". Protection Threshold: 0.5 (V)
SetMagnetDAC 5.88183158437 ===>> OK
Magnet settling time: 2.097 0.500
Magnet settling complete
set_dac. change=True
setting magnet DAC
current  : 5.881832
requested: 5.882866
Delta Dac: 0.001034
Checking detector protection. dv=0.00103
Checking detector "CDD". Protection Threshold: 0.5 (V)
SetMagnetDAC 5.88286606713 ===>> OK
Magnet settling time: 2.097 0.500
Magnet settling complete
set_dac. change=True
setting magnet DAC
current  : 5.882866
requested: 5.883901
Delta Dac: 0.001034
Checking detector protection. dv=0.00103
Checking detector "CDD". Protection Threshold: 0.5 (V)
SetMagnetDAC 5.88390054989 ===>> OK
Magnet settling time: 2.097 0.500
Magnet settling complete
set_dac. change=True
setting magnet DAC
current  : 5.883901
requested: 5.884935
Delta Dac: 0.001034
Checking detector protection. dv=0.00103
Checking detector "CDD". Protection Threshold: 0.5 (V)
SetMagnetDAC 5.88493503264 ===>> OK
Magnet settling time: 2.097 0.500
Magnet settling complete
set_dac. change=True
setting magnet DAC
current  : 5.884935
requested: 5.885970
Delta Dac: 0.001034
Checking detector protection. dv=0.00103
Checking detector "CDD". Protection Threshold: 0.5 (V)
SetMagnetDAC 5.8859695154 ===>> OK
Magnet settling time: 2.097 0.500
Magnet settling complete
set_dac. change=True
setting magnet DAC
current  : 5.885970
requested: 5.887004
Delta Dac: 0.001034
Checking detector protection. dv=0.00103
Checking detector "CDD". Protection Threshold: 0.5 (V)
SetMagnetDAC 5.88700399816 ===>> OK
Magnet settling time: 2.097 0.500
Magnet settling complete
set_dac. change=True
setting magnet DAC
current  : 5.887004
requested: 5.888038
Delta Dac: 0.001034
Checking detector protection. dv=0.00103
Checking detector "CDD". Protection Threshold: 0.5 (V)
SetMagnetDAC 5.88803848092 ===>> OK
Magnet settling time: 2.097 0.500
Magnet settling complete
set_dac. change=True
setting magnet DAC
current  : 5.888038
requested: 5.889073
Delta Dac: 0.001034
Checking detector protection. dv=0.00103
Checking detector "CDD". Protection Threshold: 0.5 (V)
SetMagnetDAC 5.88907296368 ===>> OK
Magnet settling time: 2.097 0.500
Magnet settling complete
set_dac. change=True
setting magnet DAC
current  : 5.889073
requested: 5.890107
Delta Dac: 0.001034
Checking detector protection. dv=0.00103
Checking detector "CDD". Protection Threshold: 0.5 (V)
SetMagnetDAC 5.89010744644 ===>> OK
Magnet settling time: 2.097 0.500
Magnet settling complete
set_dac. change=True
setting magnet DAC
current  : 5.890107
requested: 5.891142
Delta Dac: 0.001034
Checking detector protection. dv=0.00103
Checking detector "CDD". Protection Threshold: 0.5 (V)
SetMagnetDAC 5.8911419292 ===>> OK
Magnet settling time: 2.097 0.500
Magnet settling complete
set_dac. change=True
setting magnet DAC
current  : 5.891142
requested: 5.892176
Delta Dac: 0.001034
Checking detector protection. dv=0.00103
Checking detector "CDD". Protection Threshold: 0.5 (V)
SetMagnetDAC 5.89217641195 ===>> OK
Magnet settling time: 2.097 0.500
Magnet settling complete
set_dac. change=True
setting magnet DAC
current  : 5.892176
requested: 5.893211
Delta Dac: 0.001034
Checking detector protection. dv=0.00103
Checking detector "CDD". Protection Threshold: 0.5 (V)
SetMagnetDAC 5.89321089471 ===>> OK
Magnet settling time: 2.097 0.500
Magnet settling complete
set_dac. change=True
setting magnet DAC
current  : 5.893211
requested: 5.894245
Delta Dac: 0.001034
Checking detector protection. dv=0.00103
Checking detector "CDD". Protection Threshold: 0.5 (V)
SetMagnetDAC 5.89424537747 ===>> OK
Magnet settling time: 2.097 0.500
Magnet settling complete
set_dac. change=True
result of _do_sweep=True
result of _calculate_peak_center=([5.8710690247659798, 5.8789748363892258, 5.8868806480124718], [755.85049924861005, 1025.6513721819183, 759.95638908191108], 5.8750069005174828, 1025.6513721819183)
Failed to find a valid peak. No peak greater than 1.0. max = 0.231157410869
new center pos Detector(H1) (Ar40) @ 5.87897483639
GetHighVoltage ===>> 4499.94659342336
GetDeflection H1 ===>> 0
dac uncorrected for HV and deflection 5.87900945732
update mftable H1 Ar40 5.87900945732 message=automated run peakcenter
get initial guess parabolic
get initial guess parabolic
get initial guess parabolic
get initial guess parabolic
get initial guess parabolic
get initial guess parabolic
dump mftable to /Users/jan/PychronDev/setupfiles/spectrometer/mftables/mftable.csv
add to repo msg=modified - automated run peakcenter
sweep finished
locally archiving mftable
setting magnet DAC
current  : 5.894245
requested: 5.878975
Delta Dac: 0.015271
Checking detector protection. dv=0.01527
Checking detector "CDD". Protection Threshold: 0.5 (V)
SetMagnetDAC 5.87897483639 ===>> OK
Magnet settling time: 0.500 0.500
Magnet settling complete
set_dac. change=True
Failed to find a valid peak. No peak greater than 1.0. max = 0.231157410869
flush and close file /Users/jan/PychronDev/data/isotopes/bf/9193f2-258a-4558-a2c3-c5438ff09151.h5
finished measure script
executed snippet estimated_duration=213.0, duration=313.875349045
jan_unknown120_60.py completed successfully
Measurement Finished
19:50:18 -- ******* Measurement Finished *******
Post Measurement Started jan_pump_ms.py
19:50:18 -- ******* Post Measurement Started jan_pump_ms.py *******
testing...
no interpolation path defined
executed snippet estimated_duration=0, duration=4.60147857666e-05
Pumping spectrometer
open () {'name': 'O'}
open name=O desc=---
checking ownership. requestor=129.138.12.150
check software interlocks O
interlocks []
actuate state mode=None-script, software_lock=False
doing actuation None-script open_channel True
Open O ===>> OK
GetIndicatorState O ===>> OK
change switch state (True, True)
19:50:18 -- OPEN   VALVE-O (Jan Ion Pump)
-------------------------- open O () result=[(True, True)]
action=open, ok=True, locked=[False]
executed snippet estimated_duration=0, duration=0.591377973557
jan_pump_ms.py completed successfully
setting _ms_pumptime
Post Measurement Finished
19:50:18 -- ******* Post Measurement Finished *******
$$$$$$$$$$$$$$$$$$$$ state at run end measurement
state changed from measurement to success
post measurement save measured=True aborted=False
Set filtering
setting fod for Ar41= {'filter_outliers': True, 'std_devs': 2, 'iterations': 1}
setting fod for H2= {'filter_outliers': True, 'std_devs': 2, 'iterations': 1}
setting fod for Ar40= {'filter_outliers': True, 'std_devs': 2, 'iterations': 1}
setting fod for H1= {'filter_outliers': True, 'std_devs': 2, 'iterations': 1}
setting fod for Ar36= {'filter_outliers': True, 'std_devs': 2, 'iterations': 1}
setting fod for CDD= {'filter_outliers': True, 'std_devs': 10, 'iterations': 1}
setting fod for Ar37= {'filter_outliers': True, 'std_devs': 2, 'iterations': 1}
setting fod for L2= {'filter_outliers': True, 'std_devs': 2, 'iterations': 1}
setting fod for Ar38= {'filter_outliers': True, 'std_devs': 2, 'iterations': 1}
setting fod for L1= {'filter_outliers': True, 'std_devs': 2, 'iterations': 1}
setting fod for Ar39= {'filter_outliers': True, 'std_devs': 2, 'iterations': 1}
setting fod for AX= {'filter_outliers': True, 'std_devs': 2, 'iterations': 1}
not connected to db mysql://janexp@129.138.12.160/labspy
Enviromentals: {'lab_humiditys': [{'device': 'EnvironmentalMonitor',
                    'name': 'Lab Hum.',
                    'pub_date': '2017-09-24T19:19:04',
                    'title': 'iServer Hum.',
                    'value': 28.5}],
 'lab_pneumatics': [{'device': 'AirPressure',
                     'name': 'Pressure',
                     'pub_date': '2017-09-24T19:49:22',
                     'title': None,
                     'value': 103.575},
                    {'device': 'AirPressure2',
                     'name': 'Pressure2',
                     'pub_date': '2017-09-24T19:49:23',
                     'title': None,
                     'value': 105.51268}],
 'lab_temperatures': [{'device': 'Coldfinger',
                       'name': 'ColdFinger Temp.',
                       'pub_date': '2017-09-24T14:27:09',
                       'title': None,
                       'value': -194.0},
                      {'device': 'EnvironmentalMonitor',
                       'name': 'Lab Temp.',
                       'pub_date': '2017-09-24T18:37:45',
                       'title': 'iServer Temp.',
                       'value': 73.0},
                      {'device': 'Chiller',
                       'name': 'Coolant Temp.',
                       'pub_date': '2017-09-24T19:35:15',
                       'title': None,
                       'value': 18.0}]}
persistence save...
persistence save - db
post measurement save
5747383280 connecting to database sqlite://@/
connected to db sqlite://@/
create new session 5747383280
close session 5747383280
No database instance. Not saving post measurement to isotopedb database
$$$$$$$$$$$$$$$ auto_save_detector_ic=False
massspec enabled True
create new session 4978689328
MassSpec Database Version: 16.0
close session 4978689328
saving post measurement to secondary database
saving to massspec database 129.138.12.160/massspecdata
setting labnumber to c-02-J
setting aliquot to 2559
setting step to 
setting uuid to bf9193f2-258a-4558-a2c3-c5438ff09151
setting irradpos to c-02-J
setting extract_device to Fusions CO2
setting tray to 
setting position to 
setting power_requested to 0.0
setting extract_value to 0.0
setting duration to 0.0
setting duration_at_request to 0.0
setting first_stage_delay to 0.0
setting cleanup to 0.0
setting comment to 
setting irradiation to Cocktail-02
setting level to A
setting irradiation_level to A
setting sample to cocktail
setting material to Gas
setting project to REFERENCES
setting mass_spectrometer to Jan
no attribute chron_dosages
no attribute production_ratios
no attribute interference_corrections
no attribute production_name
no attribute j
Reference Isotope=Ar40
Reference Detector=H1
%%%%%%%%%%%%%%%%%%%% Comment:  %%%%%%%%%%%%%%%%%%%
adding isotope Ar41 H2
add baseline dbdet= Ar41. original det= H2
get baseline data Ar41 H2
Get data baseline <pychron.processing.isotope.Baseline object at 0x164f65150> len t=60
baseline Ar41. v=-0.0884664391861, e=0.00492403236145
get signal data Ar41 H2
Get data signal Ar41 0.0676+/-0.0034 len t=120
adding isotope Ar40 H1
add baseline dbdet= Ar40. original det= H1
get baseline data Ar40 H1
Get data baseline <pychron.processing.isotope.Baseline object at 0x15e71a150> len t=60
baseline Ar40. v=0.108450891303, e=0.0061602692179
get signal data Ar40 H1
Get data signal Ar40 1121.11+/-0.06 len t=120
adding isotope Ar39 AX
add baseline dbdet= Ar39. original det= AX
get baseline data Ar39 AX
Get data baseline <pychron.processing.isotope.Baseline object at 0x15e71a850> len t=60
baseline Ar39. v=0.120429994426, e=0.00597772695942
get signal data Ar39 AX
Get data signal Ar39 84.747+/-0.021 len t=120
adding isotope Ar38 L1
add baseline dbdet= Ar38. original det= L1
get baseline data Ar38 L1
Get data baseline <pychron.processing.isotope.Baseline object at 0x15e71ab50> len t=60
baseline Ar38. v=-0.0457580803884, e=0.00297096021291
get signal data Ar38 L1
Get data signal Ar38 1.157+/-0.006 len t=120
adding isotope Ar37 L2
add baseline dbdet= Ar37. original det= L2
get baseline data Ar37 L2
Get data baseline <pychron.processing.isotope.Baseline object at 0x15e71ab10> len t=60
baseline Ar37. v=-0.00141169437291, e=0.00624211741855
get signal data Ar37 L2
Get data signal Ar37 0.045+/-0.010 len t=120
adding isotope Ar36 CDD
add baseline dbdet= Ar36. original det= CDD
get baseline data Ar36 CDD
Get data baseline <pychron.processing.isotope.Baseline object at 0x15e71af10> len t=60
baseline Ar36. v=0.000257131520035, e=2.83986300973e-05
get signal data Ar36 CDD
Get data signal Ar36 0.2453+/-0.0014 len t=120
4416-2559 added analysis time 0.521090984344s
analysis added to mass spec database
mass spec save time= 0.532
persistence save - dvc
================= post measurement started
create new session 4938797136
close session 4938797136
---------------- Experiment Queue saving disabled
DVC saving peakcenter
Failed to find a valid peak. No peak greater than 1.0. max = 0.231157410869
Smart pull ahead: 0 behind: 0
Up-to-date with origin
add to repo msg=modified - ad8224ebc6dbfeb9f5997218dfa5fe690569839d.json
add to repo msg=modified - -J-2559.json
add to repo msg=modified - -J-2559.dat.json
add to repo msg=modified - -J-2559.blan.json
add to repo msg=modified - -J-2559.inte.json
add to repo msg=modified - -J-2559.icfa.json
add to repo msg=modified - -J-2559.base.json
not at valid file /Users/jan/PychronDev/data/.dvc/repositories/IR1006/c-02/tags/-J-2559.tags.json
add to repo msg=modified - -J-2559.peak.json
add to repo msg=modified - -J-2559.extr.json
not at valid file /Users/jan/PychronDev/data/.dvc/repositories/IR1006/c-02/monitor/-J-2559.moni.json
commit message=<COLLECTION>
add to repo msg=modified - -J-2559.inte.json
add to repo msg=modified - -J-2559.base.json
commit message=<ISOEVO> default collection fits
add to repo msg=modified - -J-2559.blan.json
commit message=<BLANKS> preceding bu-FC-J-8430
add to repo msg=modified - -J-2559.icfa.json
commit message=<ICFactor> default
push repository <pychron.git_archive.repo_manager.GitRepoManager object at 0x15b54fef0>
pushing to remote=origin, url=https://github.com
no changes to meta repo
create new session 4938797136
add association IR1006
get identifier "c-02-J"
setting analysis irradiation position=<pychron.dvc.dvc_orm.IrradiationPositionTbl object at 0x136ef2b50>
close session 4938797136
================= post measurement finished
19:50:34 -- ******* Post Run Check *******
loading queue conditionals post_run_actions
loading system conditionals post_run_actions
loading conditionals from /Users/jan/PychronDev/setupfiles/spectrometer/default_conditionals.yaml
loading queue conditionals post_run_terminations
loading system conditionals post_run_terminations
loading conditionals from /Users/jan/PychronDev/setupfiles/spectrometer/default_conditionals.yaml
Checking default post run terminations n=1
GetDeflection CDD ===>> 50
testing CDD==2000
evaluate ot="CDD.deflection==2000" t="CDD==2000", ctx="{'CDD': 50.0}"
19:50:34 -- ******* Post Run Check Passed *******
19:50:34 -- Automated run c-02-J-2559 success duration: 402.440 s
----------------- finish -----------------
----------------- stop -----------------
retroactive repository identifiers disabled
finish run. runs completed=75
update duration runid=c-02-J-2559, duration=402.44024992, md5=c594f137
loading script "jan_co2_whiff_120_60_large.py"
loading script "jan_pump_ms.py"
loading script "jan_co2.py"
loading script "jan_pump_extraction_line.py"
testing...
no interpolation path defined
executed snippet estimated_duration=201.56, duration=0.000249862670898
script duration name:co2_whiff_120_60_large seconds:202.0
loading script "jan_co2_whiff_120_60_large.py"
loading script "jan_pump_ms.py"
loading script "jan_co2.py"
loading script "jan_pump_extraction_line.py"
testing...
no interpolation path defined
executed snippet estimated_duration=0, duration=3.00407409668e-05
loading script "jan_co2_whiff_120_60_large.py"
loading script "jan_pump_ms.py"
loading script "jan_co2.py"
loading script "jan_pump_extraction_line.py"
testing...
no interpolation path defined
calculate duration
testing...
no interpolation path defined
executed snippet estimated_duration=0, duration=6.19888305664e-05
calculate duration
testing...
no interpolation path defined
executed snippet estimated_duration=0, duration=0.000141143798828
executed snippet estimated_duration=0.0, duration=0.00522899627686
script duration name:co2 seconds:0.0
loading script "jan_co2_whiff_120_60_large.py"
loading script "jan_pump_ms.py"
loading script "jan_co2.py"
loading script "jan_pump_extraction_line.py"
testing...
no interpolation path defined
calculate duration
testing...
no interpolation path defined
executed snippet estimated_duration=4.0, duration=0.000234127044678
executed snippet estimated_duration=4.0, duration=0.00211000442505
Script duration 202.0
Run total estimated duration= 203.000
co2_whiff_120_60_large in script context. using previous estimated duration
script duration name:co2_whiff_120_60_large seconds:202.0
pump_ms in script context. using previous estimated duration
co2 in script context. using previous estimated duration
script duration name:co2 seconds:0.0
pump_extraction_line in script context. using previous estimated duration
Script duration 202.0
Run total estimated duration= 203.000
script duration name:co2_whiff_120_60_large seconds:202.0
script duration name:co2 seconds:0.0
Script duration 202.0
Run total estimated duration= 203.000
script duration name:co2_whiff_120_60_large seconds:202.0
script duration name:co2 seconds:0.0
Script duration 202.0
Run total estimated duration= 203.000
script duration name:co2_whiff_120_60_large seconds:202.0
script duration name:co2 seconds:0.0
Script duration 202.0
Run total estimated duration= 203.000
loading script "jan_unknown400_120.py"
loading script "jan_pump_ms.py"
loading script "jan_sniffair_x2.py"
loading script "jan_pump_extraction_line.py"
testing...
no interpolation path defined
executed snippet estimated_duration=539.8, duration=0.000225067138672
script duration name:unknown400_120 seconds:540.0
loading script "jan_unknown400_120.py"
loading script "jan_pump_ms.py"
loading script "jan_sniffair_x2.py"
loading script "jan_pump_extraction_line.py"
testing...
no interpolation path defined
calculate duration
testing...
no interpolation path defined
executed snippet estimated_duration=0, duration=4.6968460083e-05
calculate duration
testing...
no interpolation path defined
executed snippet estimated_duration=0, duration=0.000133991241455
calculate duration
testing...
no interpolation path defined
executed snippet estimated_duration=32.0, duration=0.000138998031616
calculate duration
testing...
no interpolation path defined
executed snippet estimated_duration=34.0, duration=0.000116109848022
calculate duration
testing...
no interpolation path defined
executed snippet estimated_duration=4.0, duration=8.6784362793e-05
calculate duration
testing...
no interpolation path defined
executed snippet estimated_duration=36.0, duration=9.51290130615e-05
calculate duration
testing...
no interpolation path defined
executed snippet estimated_duration=34.0, duration=0.000247955322266
calculate duration
testing...
no interpolation path defined
executed snippet estimated_duration=4.0, duration=0.000102043151855
calculate duration
testing...
no interpolation path defined
executed snippet estimated_duration=36.0, duration=0.000111103057861
calculate duration
testing...
no interpolation path defined
executed snippet estimated_duration=70.0, duration=0.000200033187866
executed snippet estimated_duration=250.0, duration=0.0389029979706
script duration name:sniffair_x2 seconds:250.0
Script duration 790.0
Run total estimated duration= 791.000
script duration name:co2_whiff_120_60_large seconds:202.0
script duration name:co2 seconds:0.0
Script duration 202.0
Run total estimated duration= 203.000
script duration name:co2_whiff_120_60_large seconds:202.0
script duration name:co2 seconds:0.0
Script duration 202.0
Run total estimated duration= 203.000
script duration name:co2_whiff_120_60_large seconds:202.0
script duration name:co2 seconds:0.0
Script duration 202.0
Run total estimated duration= 203.000
script duration name:co2_whiff_120_60_large seconds:202.0
script duration name:co2 seconds:0.0
Script duration 202.0
Run total estimated duration= 203.000
loading script "jan_co2_whiff_400_120_large.py"
loading script "jan_pump_ms.py"
loading script "jan_co2.py"
loading script "jan_pump_extraction_line.py"
testing...
no interpolation path defined
executed snippet estimated_duration=543.96, duration=0.0002281665802
script duration name:co2_whiff_400_120_large seconds:544.0
script duration name:co2 seconds:0.0
Script duration 544.0
Run total estimated duration= 545.000
co2_whiff_400_120_large in script context. using previous estimated duration
script duration name:co2_whiff_400_120_large seconds:544.0
script duration name:co2 seconds:0.0
Script duration 544.0
Run total estimated duration= 545.000
script duration name:co2_whiff_400_120_large seconds:544.0
script duration name:co2 seconds:0.0
Script duration 544.0
Run total estimated duration= 545.000
script duration name:co2_whiff_400_120_large seconds:544.0
script duration name:co2 seconds:0.0
Script duration 544.0
Run total estimated duration= 545.000
script duration name:co2_whiff_400_120_large seconds:544.0
script duration name:co2 seconds:0.0
Script duration 544.0
Run total estimated duration= 545.000
script duration name:co2_whiff_400_120_large seconds:544.0
script duration name:co2 seconds:0.0
Script duration 544.0
Run total estimated duration= 545.000
unknown400_120 in script context. using previous estimated duration
script duration name:unknown400_120 seconds:540.0
script duration name:co2 seconds:0.0
Script duration 540.0
Run total estimated duration= 541.000
script duration name:unknown400_120 seconds:540.0
loading script "jan_unknown400_120.py"
loading script "jan_pump_ms.py"
loading script "jan_cocktail_x1.py"
loading script "jan_pump_extraction_line.py"
testing...
no interpolation path defined
calculate duration
testing...
no interpolation path defined
executed snippet estimated_duration=0, duration=4.91142272949e-05
calculate duration
testing...
no interpolation path defined
executed snippet estimated_duration=0, duration=0.000144958496094
calculate duration
testing...
no interpolation path defined
executed snippet estimated_duration=32.0, duration=0.000113010406494
calculate duration
testing...
no interpolation path defined
executed snippet estimated_duration=34.0, duration=0.000146865844727
calculate duration
testing...
no interpolation path defined
executed snippet estimated_duration=4.0, duration=9.20295715332e-05
calculate duration
testing...
no interpolation path defined
executed snippet estimated_duration=38.0, duration=9.20295715332e-05
executed snippet estimated_duration=108.0, duration=0.0299499034882
script duration name:cocktail_x1 seconds:108.0
Script duration 648.0
Run total estimated duration= 649.000
loading script "jan_unknown120_60.py"
loading script "jan_pump_ms.py"
loading script "jan_cocktail_x1.py"
loading script "jan_pump_extraction_line.py"
testing...
no interpolation path defined
executed snippet estimated_duration=197.4, duration=0.000289916992188
script duration name:unknown120_60 seconds:197.0
cocktail_x1 in script context. using previous estimated duration
script duration name:cocktail_x1 seconds:108.0
Script duration 305.0
Run total estimated duration= 306.000
script duration name:co2_whiff_400_120_large seconds:544.0
script duration name:co2 seconds:0.0
Script duration 544.0
Run total estimated duration= 545.000
script duration name:co2_whiff_400_120_large seconds:544.0
script duration name:co2 seconds:0.0
Script duration 544.0
Run total estimated duration= 545.000
script duration name:co2_whiff_400_120_large seconds:544.0
script duration name:co2 seconds:0.0
Script duration 544.0
Run total estimated duration= 545.000
script duration name:co2_whiff_400_120_large seconds:544.0
script duration name:co2 seconds:0.0
Script duration 544.0
Run total estimated duration= 545.000
script duration name:co2_whiff_400_120_large seconds:544.0
script duration name:co2 seconds:0.0
Script duration 544.0
Run total estimated duration= 545.000
script duration name:co2_whiff_400_120_large seconds:544.0
script duration name:co2 seconds:0.0
Script duration 544.0
Run total estimated duration= 545.000
script duration name:co2_whiff_400_120_large seconds:544.0
script duration name:co2 seconds:0.0
Script duration 544.0
Run total estimated duration= 545.000
script duration name:co2_whiff_400_120_large seconds:544.0
script duration name:co2 seconds:0.0
Script duration 544.0
Run total estimated duration= 545.000
script duration name:co2_whiff_400_120_large seconds:544.0
script duration name:co2 seconds:0.0
Script duration 544.0
Run total estimated duration= 545.000
script duration name:co2_whiff_400_120_large seconds:544.0
script duration name:co2 seconds:0.0
Script duration 544.0
Run total estimated duration= 545.000
script duration name:co2_whiff_400_120_large seconds:544.0
script duration name:co2 seconds:0.0
Script duration 544.0
Run total estimated duration= 545.000
script duration name:co2_whiff_400_120_large seconds:544.0
script duration name:co2 seconds:0.0
Script duration 544.0
Run total estimated duration= 545.000
script duration name:unknown400_120 seconds:540.0
sniffair_x2 in script context. using previous estimated duration
script duration name:sniffair_x2 seconds:250.0
Script duration 790.0
Run total estimated duration= 791.000
script duration name:co2_whiff_400_120_large seconds:544.0
script duration name:co2 seconds:0.0
Script duration 544.0
Run total estimated duration= 545.000
script duration name:co2_whiff_400_120_large seconds:544.0
script duration name:co2 seconds:0.0
Script duration 544.0
Run total estimated duration= 545.000
script duration name:co2_whiff_400_120_large seconds:544.0
script duration name:co2 seconds:0.0
Script duration 544.0
Run total estimated duration= 545.000
script duration name:unknown400_120 seconds:540.0
script duration name:co2 seconds:0.0
Script duration 540.0
Run total estimated duration= 541.000
unknown120_60 in script context. using previous estimated duration
script duration name:unknown120_60 seconds:197.0
script duration name:cocktail_x1 seconds:108.0
Script duration 305.0
Run total estimated duration= 306.000
script duration name:co2_whiff_400_120_large seconds:544.0
script duration name:co2 seconds:0.0
Script duration 544.0
Run total estimated duration= 545.000
script duration name:co2_whiff_400_120_large seconds:544.0
script duration name:co2 seconds:0.0
Script duration 544.0
Run total estimated duration= 545.000
script duration name:co2_whiff_400_120_large seconds:544.0
script duration name:co2 seconds:0.0
Script duration 544.0
Run total estimated duration= 545.000
script duration name:co2_whiff_400_120_large seconds:544.0
script duration name:co2 seconds:0.0
Script duration 544.0
Run total estimated duration= 545.000
script duration name:co2_whiff_400_120_large seconds:544.0
script duration name:co2 seconds:0.0
Script duration 544.0
Run total estimated duration= 545.000
script duration name:co2_whiff_400_120_large seconds:544.0
script duration name:co2 seconds:0.0
Script duration 544.0
Run total estimated duration= 545.000
script duration name:co2_whiff_400_120_large seconds:544.0
script duration name:co2 seconds:0.0
Script duration 544.0
Run total estimated duration= 545.000
script duration name:co2_whiff_400_120_large seconds:544.0
script duration name:co2 seconds:0.0
Script duration 544.0
Run total estimated duration= 545.000
script duration name:co2_whiff_400_120_large seconds:544.0
script duration name:co2 seconds:0.0
Script duration 544.0
Run total estimated duration= 545.000
script duration name:co2_whiff_400_120_large seconds:544.0
script duration name:co2 seconds:0.0
Script duration 544.0
Run total estimated duration= 545.000
script duration name:co2_whiff_400_120_large seconds:544.0
script duration name:co2 seconds:0.0
Script duration 544.0
Run total estimated duration= 545.000
script duration name:co2_whiff_400_120_large seconds:544.0
script duration name:co2 seconds:0.0
Script duration 544.0
Run total estimated duration= 545.000
script duration name:co2_whiff_400_120_large seconds:544.0
script duration name:co2 seconds:0.0
Script duration 544.0
Run total estimated duration= 545.000
script duration name:co2_whiff_400_120_large seconds:544.0
script duration name:co2 seconds:0.0
Script duration 544.0
Run total estimated duration= 545.000
script duration name:co2_whiff_400_120_large seconds:544.0
script duration name:co2 seconds:0.0
Script duration 544.0
Run total estimated duration= 545.000
script duration name:unknown400_120 seconds:540.0
script duration name:co2 seconds:0.0
Script duration 540.0
Run total estimated duration= 541.000
script duration name:unknown400_120 seconds:540.0
script duration name:cocktail_x1 seconds:108.0
Script duration 648.0
Run total estimated duration= 649.000
script duration name:unknown120_60 seconds:197.0
script duration name:cocktail_x1 seconds:108.0
Script duration 305.0
Run total estimated duration= 306.000
script duration name:co2_whiff_400_120_large seconds:544.0
script duration name:co2 seconds:0.0
Script duration 544.0
Run total estimated duration= 545.000
script duration name:co2_whiff_400_120_large seconds:544.0
script duration name:co2 seconds:0.0
Script duration 544.0
Run total estimated duration= 545.000
script duration name:co2_whiff_400_120_large seconds:544.0
script duration name:co2 seconds:0.0
Script duration 544.0
Run total estimated duration= 545.000
script duration name:co2_whiff_400_120_large seconds:544.0
script duration name:co2 seconds:0.0
Script duration 544.0
Run total estimated duration= 545.000
script duration name:unknown400_120 seconds:540.0
script duration name:sniffair_x2 seconds:250.0
Script duration 790.0
Run total estimated duration= 791.000
script duration name:unknown400_120 seconds:540.0
script duration name:sniffair_x2 seconds:250.0
Script duration 790.0
Run total estimated duration= 791.000
script duration name:co2_whiff_400_120_large seconds:544.0
script duration name:co2 seconds:0.0
Script duration 544.0
Run total estimated duration= 545.000
script duration name:co2_whiff_400_120_large seconds:544.0
script duration name:co2 seconds:0.0
Script duration 544.0
Run total estimated duration= 545.000
script duration name:co2_whiff_400_120_large seconds:544.0
script duration name:co2 seconds:0.0
Script duration 544.0
Run total estimated duration= 545.000
script duration name:co2_whiff_400_120_large seconds:544.0
script duration name:co2 seconds:0.0
Script duration 544.0
Run total estimated duration= 545.000
script duration name:co2_whiff_400_120_large seconds:544.0
script duration name:co2 seconds:0.0
Script duration 544.0
Run total estimated duration= 545.000
script duration name:co2_whiff_400_120_large seconds:544.0
script duration name:co2 seconds:0.0
Script duration 544.0
Run total estimated duration= 545.000
script duration name:co2_whiff_400_120_large seconds:544.0
script duration name:co2 seconds:0.0
Script duration 544.0
Run total estimated duration= 545.000
script duration name:co2_whiff_400_120_large seconds:544.0
script duration name:co2 seconds:0.0
Script duration 544.0
Run total estimated duration= 545.000
script duration name:co2_whiff_400_120_large seconds:544.0
script duration name:co2 seconds:0.0
Script duration 544.0
Run total estimated duration= 545.000
script duration name:co2_whiff_400_120_large seconds:544.0
script duration name:co2 seconds:0.0
Script duration 544.0
Run total estimated duration= 545.000
script duration name:co2_whiff_400_120_large seconds:544.0
script duration name:co2 seconds:0.0
Script duration 544.0
Run total estimated duration= 545.000
script duration name:unknown400_120 seconds:540.0
script duration name:co2 seconds:0.0
Script duration 540.0
Run total estimated duration= 541.000
script duration name:unknown120_60 seconds:197.0
script duration name:cocktail_x1 seconds:108.0
Script duration 305.0
Run total estimated duration= 306.000
script duration name:co2_whiff_400_120_large seconds:544.0
script duration name:co2 seconds:0.0
Script duration 544.0
Run total estimated duration= 545.000
script duration name:co2_whiff_400_120_large seconds:544.0
script duration name:co2 seconds:0.0
Script duration 544.0
Run total estimated duration= 545.000
script duration name:co2_whiff_400_120_large seconds:544.0
script duration name:co2 seconds:0.0
Script duration 544.0
Run total estimated duration= 545.000
script duration name:co2_whiff_400_120_large seconds:544.0
script duration name:co2 seconds:0.0
Script duration 544.0
Run total estimated duration= 545.000
script duration name:co2_whiff_400_120_large seconds:544.0
script duration name:co2 seconds:0.0
Script duration 544.0
Run total estimated duration= 545.000
script duration name:co2_whiff_400_120_large seconds:544.0
script duration name:co2 seconds:0.0
Script duration 544.0
Run total estimated duration= 545.000
script duration name:co2_whiff_400_120_large seconds:544.0
script duration name:co2 seconds:0.0
Script duration 544.0
Run total estimated duration= 545.000
script duration name:co2_whiff_400_120_large seconds:544.0
script duration name:co2 seconds:0.0
Script duration 544.0
Run total estimated duration= 545.000
script duration name:co2_whiff_400_120_large seconds:544.0
script duration name:co2 seconds:0.0
Script duration 544.0
Run total estimated duration= 545.000
script duration name:co2_whiff_400_120_large seconds:544.0
script duration name:co2 seconds:0.0
Script duration 544.0
Run total estimated duration= 545.000
script duration name:co2_whiff_400_120_large seconds:544.0
script duration name:co2 seconds:0.0
Script duration 544.0
Run total estimated duration= 545.000
script duration name:unknown400_120 seconds:540.0
script duration name:sniffair_x2 seconds:250.0
Script duration 790.0
Run total estimated duration= 791.000
script duration name:co2_whiff_400_120_large seconds:544.0
script duration name:co2 seconds:0.0
Script duration 544.0
Run total estimated duration= 545.000
script duration name:co2_whiff_400_120_large seconds:544.0
script duration name:co2 seconds:0.0
Script duration 544.0
Run total estimated duration= 545.000
script duration name:co2_whiff_400_120_large seconds:544.0
script duration name:co2 seconds:0.0
Script duration 544.0
Run total estimated duration= 545.000
script duration name:co2_whiff_400_120_large seconds:544.0
script duration name:co2 seconds:0.0
Script duration 544.0
Run total estimated duration= 545.000
script duration name:unknown400_120 seconds:540.0
script duration name:co2 seconds:0.0
Script duration 540.0
Run total estimated duration= 541.000
script duration name:unknown400_120 seconds:540.0
script duration name:cocktail_x1 seconds:108.0
Script duration 648.0
Run total estimated duration= 649.000
script duration name:unknown120_60 seconds:197.0
script duration name:cocktail_x1 seconds:108.0
Script duration 305.0
Run total estimated duration= 306.000
script duration name:co2_whiff_400_120_large seconds:544.0
script duration name:co2 seconds:0.0
Script duration 544.0
Run total estimated duration= 545.000
script duration name:co2_whiff_400_120_large seconds:544.0
script duration name:co2 seconds:0.0
Script duration 544.0
Run total estimated duration= 545.000
script duration name:co2_whiff_400_120_large seconds:544.0
script duration name:co2 seconds:0.0
Script duration 544.0
Run total estimated duration= 545.000
script duration name:co2_whiff_400_120_large seconds:544.0
script duration name:co2 seconds:0.0
Script duration 544.0
Run total estimated duration= 545.000
script duration name:co2_whiff_400_120_large seconds:544.0
script duration name:co2 seconds:0.0
Script duration 544.0
Run total estimated duration= 545.000
script duration name:co2_whiff_400_120_large seconds:544.0
script duration name:co2 seconds:0.0
Script duration 544.0
Run total estimated duration= 545.000
script duration name:co2_whiff_400_120_large seconds:544.0
script duration name:co2 seconds:0.0
Script duration 544.0
Run total estimated duration= 545.000
script duration name:co2_whiff_400_120_large seconds:544.0
script duration name:co2 seconds:0.0
Script duration 544.0
Run total estimated duration= 545.000
script duration name:co2_whiff_400_120_large seconds:544.0
script duration name:co2 seconds:0.0
Script duration 544.0
Run total estimated duration= 545.000
script duration name:co2_whiff_400_120_large seconds:544.0
script duration name:co2 seconds:0.0
Script duration 544.0
Run total estimated duration= 545.000
script duration name:co2_whiff_400_120_large seconds:544.0
script duration name:co2 seconds:0.0
Script duration 544.0
Run total estimated duration= 545.000
script duration name:co2_whiff_400_120_large seconds:544.0
script duration name:co2 seconds:0.0
Script duration 544.0
Run total estimated duration= 545.000
script duration name:co2_whiff_400_120_large seconds:544.0
script duration name:co2 seconds:0.0
Script duration 544.0
Run total estimated duration= 545.000
script duration name:co2_whiff_400_120_large seconds:544.0
script duration name:co2 seconds:0.0
Script duration 544.0
Run total estimated duration= 545.000
script duration name:co2_whiff_400_120_large seconds:544.0
script duration name:co2 seconds:0.0
Script duration 544.0
Run total estimated duration= 545.000
script duration name:unknown400_120 seconds:540.0
script duration name:co2 seconds:0.0
Script duration 540.0
Run total estimated duration= 541.000
script duration name:unknown120_60 seconds:197.0
script duration name:cocktail_x1 seconds:108.0
Script duration 305.0
Run total estimated duration= 306.000
script duration name:co2_whiff_400_120_large seconds:544.0
script duration name:co2 seconds:0.0
Script duration 544.0
Run total estimated duration= 545.000
script duration name:co2_whiff_400_120_large seconds:544.0
script duration name:co2 seconds:0.0
Script duration 544.0
Run total estimated duration= 545.000
script duration name:co2_whiff_400_120_large seconds:544.0
script duration name:co2 seconds:0.0
Script duration 544.0
Run total estimated duration= 545.000
script duration name:unknown400_120 seconds:540.0
script duration name:sniffair_x2 seconds:250.0
Script duration 790.0
Run total estimated duration= 791.000
script duration name:unknown400_120 seconds:540.0
script duration name:sniffair_x2 seconds:250.0
Script duration 790.0
Run total estimated duration= 791.000
script duration name:co2_whiff_400_120_large seconds:544.0
script duration name:co2 seconds:0.0
Script duration 544.0
Run total estimated duration= 545.000
script duration name:co2_whiff_400_120_large seconds:544.0
script duration name:co2 seconds:0.0
Script duration 544.0
Run total estimated duration= 545.000
script duration name:co2_whiff_400_120_large seconds:544.0
script duration name:co2 seconds:0.0
Script duration 544.0
Run total estimated duration= 545.000
script duration name:co2_whiff_400_120_large seconds:544.0
script duration name:co2 seconds:0.0
Script duration 544.0
Run total estimated duration= 545.000
script duration name:co2_whiff_400_120_large seconds:544.0
script duration name:co2 seconds:0.0
Script duration 544.0
Run total estimated duration= 545.000
nruns=120 before=5.0, run_dur=62898.0, btw=3305.0
write rem/ex queues
/Users/jan/PychronDev/experiments/rem/CurrentExperiment.rem.txt
/Users/jan/PychronDev/experiments/rem/CurrentExperiment.ex.txt
doing event level: 3
add run
